{'?': <absl.app.HelpFlag object at 0x7fa6b23304d0>,
 'alsologtostderr': <absl.flags._flag.BooleanFlag object at 0x7fa6be000890>,
 'batch_size': <absl.flags._flag.Flag object at 0x7fa6b2330110>,
 'beta1': <absl.flags._flag.Flag object at 0x7fa6b2329d50>,
 'c_dim': <absl.flags._flag.Flag object at 0x7fa6b2330210>,
 'checkpoint_dir': <absl.flags._flag.Flag object at 0x7fa6b2330350>,
 'data_format': <absl.flags._flag.Flag object at 0x7fa6b2330290>,
 'datafile': <absl.flags._flag.Flag object at 0x7fa6b2329b90>,
 'dataset': <absl.flags._flag.Flag object at 0x7fa6b2329a10>,
 'df_dim': <absl.flags._flag.Flag object at 0x7fa6b2330090>,
 'epoch': <absl.flags._flag.Flag object at 0x7fa6b2329c10>,
 'experiment': <absl.flags._flag.Flag object at 0x7fa6b2330410>,
 'flip_labels': <absl.flags._flag.Flag object at 0x7fa6b2329dd0>,
 'gf_dim': <absl.flags._flag.Flag object at 0x7fa6b2329fd0>,
 'help': <absl.app.HelpFlag object at 0x7fa6b23304d0>,
 'helpfull': <absl.app.HelpfullFlag object at 0x7fa6b2330550>,
 'helpshort': <absl.app.HelpshortFlag object at 0x7fa6b2330510>,
 'helpxml': <absl.app.HelpXMLFlag object at 0x7fa6b2330590>,
 'learning_rate': <absl.flags._flag.Flag object at 0x7fa6b2329cd0>,
 'log_dir': <absl.flags._flag.Flag object at 0x7fa6be000950>,
 'logtostderr': <absl.flags._flag.BooleanFlag object at 0x7fa6be000790>,
 'nd_layers': <absl.flags._flag.Flag object at 0x7fa6b2329ed0>,
 'ng_layers': <absl.flags._flag.Flag object at 0x7fa6b2329f50>,
 'only_check_args': <absl.flags._flag.BooleanFlag object at 0x7fa6bdf8d0d0>,
 'op_conversion_fallback_to_while_loop': <absl.flags._flag.BooleanFlag object at 0x7fa6bc7a1650>,
 'output_size': <absl.flags._flag.Flag object at 0x7fa6b2330190>,
 'pdb_post_mortem': <absl.flags._flag.BooleanFlag object at 0x7fa6bdff8750>,
 'profile_file': <absl.flags._flag.Flag object at 0x7fa6bdf8d050>,
 'run_with_pdb': <absl.flags._flag.BooleanFlag object at 0x7fa6bdff5c10>,
 'run_with_profiling': <absl.flags._flag.BooleanFlag object at 0x7fa6bdff82d0>,
 'save_every_step': <absl.flags._flag.BooleanFlag object at 0x7fa6b2330450>,
 'showprefixforinfo': <absl.flags._flag.BooleanFlag object at 0x7fa6be000b50>,
 'stderrthreshold': <absl.logging._StderrthresholdFlag object at 0x7fa6be000ad0>,
 'test_random_seed': <absl.flags._flag.Flag object at 0x7fa6b28ab0d0>,
 'test_randomize_ordering_seed': <absl.flags._flag.Flag object at 0x7fa6b28bf190>,
 'test_srcdir': <absl.flags._flag.Flag object at 0x7fa6b28bb390>,
 'test_tmpdir': <absl.flags._flag.Flag object at 0x7fa6b28bb4d0>,
 'transpose_matmul_b': <absl.flags._flag.BooleanFlag object at 0x7fa6b23302d0>,
 'use_cprofile_for_profiling': <absl.flags._flag.BooleanFlag object at 0x7fa6bdf8d090>,
 'v': <absl.logging._VerbosityFlag object at 0x7fa6be000990>,
 'verbose': <absl.flags._flag.BooleanFlag object at 0x7fa6b2330490>,
 'verbosity': <absl.logging._VerbosityFlag object at 0x7fa6be000990>,
 'xml_output_file': <absl.flags._flag.Flag object at 0x7fa6b2855710>,
 'z_dim': <absl.flags._flag.Flag object at 0x7fa6b2329e50>}
Epoch: [ 0] Step: [   0/   1] time: 37.8304, d_loss: 0.87242681, g_loss: 15.61288643
