{'?': <absl.app.HelpFlag object at 0x7f743dc404d0>,
 'alsologtostderr': <absl.flags._flag.BooleanFlag object at 0x7f7449910890>,
 'batch_size': <absl.flags._flag.Flag object at 0x7f743dc40110>,
 'beta1': <absl.flags._flag.Flag object at 0x7f743dc38d50>,
 'c_dim': <absl.flags._flag.Flag object at 0x7f743dc40210>,
 'checkpoint_dir': <absl.flags._flag.Flag object at 0x7f743dc40350>,
 'data_format': <absl.flags._flag.Flag object at 0x7f743dc40290>,
 'datafile': <absl.flags._flag.Flag object at 0x7f743dc38b90>,
 'dataset': <absl.flags._flag.Flag object at 0x7f743dc38a10>,
 'df_dim': <absl.flags._flag.Flag object at 0x7f743dc40090>,
 'epoch': <absl.flags._flag.Flag object at 0x7f743dc38c10>,
 'experiment': <absl.flags._flag.Flag object at 0x7f743dc40410>,
 'flip_labels': <absl.flags._flag.Flag object at 0x7f743dc38dd0>,
 'gf_dim': <absl.flags._flag.Flag object at 0x7f743dc38fd0>,
 'help': <absl.app.HelpFlag object at 0x7f743dc404d0>,
 'helpfull': <absl.app.HelpfullFlag object at 0x7f743dc40550>,
 'helpshort': <absl.app.HelpshortFlag object at 0x7f743dc40510>,
 'helpxml': <absl.app.HelpXMLFlag object at 0x7f743dc40590>,
 'learning_rate': <absl.flags._flag.Flag object at 0x7f743dc38cd0>,
 'log_dir': <absl.flags._flag.Flag object at 0x7f7449910950>,
 'logtostderr': <absl.flags._flag.BooleanFlag object at 0x7f7449910790>,
 'nd_layers': <absl.flags._flag.Flag object at 0x7f743dc38ed0>,
 'ng_layers': <absl.flags._flag.Flag object at 0x7f743dc38f50>,
 'only_check_args': <absl.flags._flag.BooleanFlag object at 0x7f744989d0d0>,
 'op_conversion_fallback_to_while_loop': <absl.flags._flag.BooleanFlag object at 0x7f74480b1650>,
 'output_size': <absl.flags._flag.Flag object at 0x7f743dc40190>,
 'pdb_post_mortem': <absl.flags._flag.BooleanFlag object at 0x7f7449908750>,
 'profile_file': <absl.flags._flag.Flag object at 0x7f744989d050>,
 'run_with_pdb': <absl.flags._flag.BooleanFlag object at 0x7f7449905c10>,
 'run_with_profiling': <absl.flags._flag.BooleanFlag object at 0x7f74499082d0>,
 'save_every_step': <absl.flags._flag.BooleanFlag object at 0x7f743dc40450>,
 'showprefixforinfo': <absl.flags._flag.BooleanFlag object at 0x7f7449910b50>,
 'stderrthreshold': <absl.logging._StderrthresholdFlag object at 0x7f7449910ad0>,
 'test_random_seed': <absl.flags._flag.Flag object at 0x7f743e1bb0d0>,
 'test_randomize_ordering_seed': <absl.flags._flag.Flag object at 0x7f743e1cf190>,
 'test_srcdir': <absl.flags._flag.Flag object at 0x7f743e1ca390>,
 'test_tmpdir': <absl.flags._flag.Flag object at 0x7f743e1ca4d0>,
 'transpose_matmul_b': <absl.flags._flag.BooleanFlag object at 0x7f743dc402d0>,
 'use_cprofile_for_profiling': <absl.flags._flag.BooleanFlag object at 0x7f744989d090>,
 'v': <absl.logging._VerbosityFlag object at 0x7f7449910990>,
 'verbose': <absl.flags._flag.BooleanFlag object at 0x7f743dc40490>,
 'verbosity': <absl.logging._VerbosityFlag object at 0x7f7449910990>,
 'xml_output_file': <absl.flags._flag.Flag object at 0x7f743e165710>,
 'z_dim': <absl.flags._flag.Flag object at 0x7f743dc38e50>}
(1000, 1024, 1024)
1.4988794
-0.099815674
