{'?': <absl.app.HelpFlag object at 0x7f8bbd5fd490>,
 'alsologtostderr': <absl.flags._flag.BooleanFlag object at 0x7f8bc92ce850>,
 'batch_size': <absl.flags._flag.Flag object at 0x7f8bbd5fd0d0>,
 'beta1': <absl.flags._flag.Flag object at 0x7f8bbd5f6d10>,
 'c_dim': <absl.flags._flag.Flag object at 0x7f8bbd5fd1d0>,
 'checkpoint_dir': <absl.flags._flag.Flag object at 0x7f8bbd5fd310>,
 'data_format': <absl.flags._flag.Flag object at 0x7f8bbd5fd250>,
 'datafile': <absl.flags._flag.Flag object at 0x7f8bbd5f6b50>,
 'dataset': <absl.flags._flag.Flag object at 0x7f8bbd5f69d0>,
 'df_dim': <absl.flags._flag.Flag object at 0x7f8bbd5fd050>,
 'epoch': <absl.flags._flag.Flag object at 0x7f8bbd5f6bd0>,
 'experiment': <absl.flags._flag.Flag object at 0x7f8bbd5fd3d0>,
 'flip_labels': <absl.flags._flag.Flag object at 0x7f8bbd5f6d90>,
 'gf_dim': <absl.flags._flag.Flag object at 0x7f8bbd5f6f90>,
 'help': <absl.app.HelpFlag object at 0x7f8bbd5fd490>,
 'helpfull': <absl.app.HelpfullFlag object at 0x7f8bbd5fd510>,
 'helpshort': <absl.app.HelpshortFlag object at 0x7f8bbd5fd4d0>,
 'helpxml': <absl.app.HelpXMLFlag object at 0x7f8bbd5fd550>,
 'learning_rate': <absl.flags._flag.Flag object at 0x7f8bbd5f6c90>,
 'log_dir': <absl.flags._flag.Flag object at 0x7f8bc92ce910>,
 'logtostderr': <absl.flags._flag.BooleanFlag object at 0x7f8bc92ce750>,
 'nd_layers': <absl.flags._flag.Flag object at 0x7f8bbd5f6e90>,
 'ng_layers': <absl.flags._flag.Flag object at 0x7f8bbd5f6f10>,
 'only_check_args': <absl.flags._flag.BooleanFlag object at 0x7f8bc925a090>,
 'op_conversion_fallback_to_while_loop': <absl.flags._flag.BooleanFlag object at 0x7f8bc7a6e610>,
 'output_size': <absl.flags._flag.Flag object at 0x7f8bbd5fd150>,
 'pdb_post_mortem': <absl.flags._flag.BooleanFlag object at 0x7f8bc92c6710>,
 'profile_file': <absl.flags._flag.Flag object at 0x7f8bc92cefd0>,
 'run_with_pdb': <absl.flags._flag.BooleanFlag object at 0x7f8bc92c3bd0>,
 'run_with_profiling': <absl.flags._flag.BooleanFlag object at 0x7f8bc92c6290>,
 'save_every_step': <absl.flags._flag.BooleanFlag object at 0x7f8bbd5fd410>,
 'showprefixforinfo': <absl.flags._flag.BooleanFlag object at 0x7f8bc92ceb10>,
 'stderrthreshold': <absl.logging._StderrthresholdFlag object at 0x7f8bc92cea90>,
 'test_random_seed': <absl.flags._flag.Flag object at 0x7f8bbdb78090>,
 'test_randomize_ordering_seed': <absl.flags._flag.Flag object at 0x7f8bbdb8c150>,
 'test_srcdir': <absl.flags._flag.Flag object at 0x7f8bbdb87350>,
 'test_tmpdir': <absl.flags._flag.Flag object at 0x7f8bbdb87490>,
 'transpose_matmul_b': <absl.flags._flag.BooleanFlag object at 0x7f8bbd5fd290>,
 'use_cprofile_for_profiling': <absl.flags._flag.BooleanFlag object at 0x7f8bc925a050>,
 'v': <absl.logging._VerbosityFlag object at 0x7f8bc92ce950>,
 'verbose': <absl.flags._flag.BooleanFlag object at 0x7f8bbd5fd450>,
 'verbosity': <absl.logging._VerbosityFlag object at 0x7f8bc92ce950>,
 'xml_output_file': <absl.flags._flag.Flag object at 0x7f8bbdb226d0>,
 'z_dim': <absl.flags._flag.Flag object at 0x7f8bbd5f6e10>}
