{'?': <absl.app.HelpFlag object at 0x7f90ce069e50>,
 'alsologtostderr': <absl.flags._flag.BooleanFlag object at 0x7f90d9d43250>,
 'batch_size': <absl.flags._flag.Flag object at 0x7f90ce069a90>,
 'beta1': <absl.flags._flag.Flag object at 0x7f90ce069710>,
 'c_dim': <absl.flags._flag.Flag object at 0x7f90ce069b90>,
 'checkpoint_dir': <absl.flags._flag.Flag object at 0x7f90ce069cd0>,
 'data_format': <absl.flags._flag.Flag object at 0x7f90ce069c10>,
 'datafile': <absl.flags._flag.Flag object at 0x7f90ce069550>,
 'dataset': <absl.flags._flag.Flag object at 0x7f90ce0693d0>,
 'df_dim': <absl.flags._flag.Flag object at 0x7f90ce069a10>,
 'epoch': <absl.flags._flag.Flag object at 0x7f90ce0695d0>,
 'experiment': <absl.flags._flag.Flag object at 0x7f90ce069d90>,
 'flip_labels': <absl.flags._flag.Flag object at 0x7f90ce069790>,
 'gf_dim': <absl.flags._flag.Flag object at 0x7f90ce069990>,
 'help': <absl.app.HelpFlag object at 0x7f90ce069e50>,
 'helpfull': <absl.app.HelpfullFlag object at 0x7f90ce069ed0>,
 'helpshort': <absl.app.HelpshortFlag object at 0x7f90ce069e90>,
 'helpxml': <absl.app.HelpXMLFlag object at 0x7f90ce069f10>,
 'learning_rate': <absl.flags._flag.Flag object at 0x7f90ce069690>,
 'log_dir': <absl.flags._flag.Flag object at 0x7f90d9d43310>,
 'logtostderr': <absl.flags._flag.BooleanFlag object at 0x7f90d9d43150>,
 'nd_layers': <absl.flags._flag.Flag object at 0x7f90ce069890>,
 'ng_layers': <absl.flags._flag.Flag object at 0x7f90ce069910>,
 'only_check_args': <absl.flags._flag.BooleanFlag object at 0x7f90d9d43a50>,
 'op_conversion_fallback_to_while_loop': <absl.flags._flag.BooleanFlag object at 0x7f90d84dafd0>,
 'output_size': <absl.flags._flag.Flag object at 0x7f90ce069b10>,
 'pdb_post_mortem': <absl.flags._flag.BooleanFlag object at 0x7f90d9d375d0>,
 'profile_file': <absl.flags._flag.Flag object at 0x7f90d9d439d0>,
 'run_with_pdb': <absl.flags._flag.BooleanFlag object at 0x7f90d9d3c110>,
 'run_with_profiling': <absl.flags._flag.BooleanFlag object at 0x7f90d9d37c50>,
 'save_every_step': <absl.flags._flag.BooleanFlag object at 0x7f90ce069dd0>,
 'showprefixforinfo': <absl.flags._flag.BooleanFlag object at 0x7f90d9d43510>,
 'stderrthreshold': <absl.logging._StderrthresholdFlag object at 0x7f90d9d43490>,
 'test_random_seed': <absl.flags._flag.Flag object at 0x7f90ce5def50>,
 'test_randomize_ordering_seed': <absl.flags._flag.Flag object at 0x7f90ce5fbb50>,
 'test_srcdir': <absl.flags._flag.Flag object at 0x7f90ce5f24d0>,
 'test_tmpdir': <absl.flags._flag.Flag object at 0x7f90ce5f2d50>,
 'transpose_matmul_b': <absl.flags._flag.BooleanFlag object at 0x7f90ce069c50>,
 'use_cprofile_for_profiling': <absl.flags._flag.BooleanFlag object at 0x7f90d9d43a10>,
 'v': <absl.logging._VerbosityFlag object at 0x7f90d9d43350>,
 'verbose': <absl.flags._flag.BooleanFlag object at 0x7f90ce069e10>,
 'verbosity': <absl.logging._VerbosityFlag object at 0x7f90d9d43350>,
 'xml_output_file': <absl.flags._flag.Flag object at 0x7f90ce59c110>,
 'z_dim': <absl.flags._flag.Flag object at 0x7f90ce069810>}
Epoch: [ 0] Step: [   0/ 125] time: 40.7125, d_loss: 0.43846330, g_loss: 13.93102646
Epoch: [ 0] Step: [   1/ 125] time: 47.0438, d_loss: 12.63297081, g_loss: 0.01531200
Epoch: [ 0] Step: [   2/ 125] time: 53.5300, d_loss: 0.38944632, g_loss: 9.28077984
Epoch: [ 0] Step: [   3/ 125] time: 59.7881, d_loss: 1.44194591, g_loss: 2.52791047
Epoch: [ 0] Step: [   4/ 125] time: 66.1112, d_loss: 0.54883844, g_loss: 6.00610304
Epoch: [ 0] Step: [   5/ 125] time: 72.0108, d_loss: 3.22976112, g_loss: 0.66212547
Epoch: [ 0] Step: [   6/ 125] time: 77.8261, d_loss: 0.81021678, g_loss: 29.43287277
Epoch: [ 0] Step: [   7/ 125] time: 84.0935, d_loss: 5.41839170, g_loss: 0.51930690
Epoch: [ 0] Step: [   8/ 125] time: 90.0557, d_loss: 1.20591986, g_loss: 26.94844818
Epoch: [ 0] Step: [   9/ 125] time: 96.3053, d_loss: 13.45542717, g_loss: 0.09336396
Epoch: [ 0] Step: [  10/ 125] time: 102.4110, d_loss: 2.49392748, g_loss: 51.67264175
Epoch: [ 0] Step: [  11/ 125] time: 108.7846, d_loss: 0.00386815, g_loss: 18.54974365
Epoch: [ 0] Step: [  12/ 125] time: 115.1360, d_loss: 32.74655151, g_loss: 0.00000000
Epoch: [ 0] Step: [  13/ 125] time: 121.3822, d_loss: 1.76497126, g_loss: 52.70072174
Epoch: [ 0] Step: [  14/ 125] time: 127.5482, d_loss: 0.01211725, g_loss: 44.46341324
Epoch: [ 0] Step: [  15/ 125] time: 133.3115, d_loss: 13.62838650, g_loss: 0.08984356
Epoch: [ 0] Step: [  16/ 125] time: 139.6286, d_loss: 1.73337388, g_loss: 51.18506241
Epoch: [ 0] Step: [  17/ 125] time: 145.8565, d_loss: 0.02476282, g_loss: 17.44759941
Epoch: [ 0] Step: [  18/ 125] time: 152.2293, d_loss: 43.99270248, g_loss: 0.00000000
Epoch: [ 0] Step: [  19/ 125] time: 158.7404, d_loss: 1.68341112, g_loss: 39.74343872
Epoch: [ 0] Step: [  20/ 125] time: 164.8895, d_loss: 0.24199541, g_loss: 12.00879574
Epoch: [ 0] Step: [  21/ 125] time: 170.8496, d_loss: 45.31367874, g_loss: 0.00000000
Epoch: [ 0] Step: [  22/ 125] time: 176.8207, d_loss: 1.88377881, g_loss: 41.86243439
Epoch: [ 0] Step: [  23/ 125] time: 182.9189, d_loss: 0.07164980, g_loss: 34.15829468
Epoch: [ 0] Step: [  24/ 125] time: 188.7925, d_loss: 6.57716274, g_loss: 0.19249235
Epoch: [ 0] Step: [  25/ 125] time: 195.1883, d_loss: 1.98153663, g_loss: 69.80198669
Epoch: [ 0] Step: [  26/ 125] time: 201.7154, d_loss: 0.07386829, g_loss: 54.49789047
Epoch: [ 0] Step: [  27/ 125] time: 207.7628, d_loss: 8.57682228, g_loss: 0.49647361
Epoch: [ 0] Step: [  28/ 125] time: 214.1185, d_loss: 1.01551974, g_loss: 44.21895599
Epoch: [ 0] Step: [  29/ 125] time: 220.2518, d_loss: 0.39043897, g_loss: 7.14962387
Epoch: [ 0] Step: [  30/ 125] time: 226.6353, d_loss: 24.90089417, g_loss: 0.00000001
Epoch: [ 0] Step: [  31/ 125] time: 233.2413, d_loss: 32.95527649, g_loss: 0.00036432
Epoch: [ 0] Step: [  32/ 125] time: 239.6177, d_loss: 9.09665871, g_loss: 84.21441650
Epoch: [ 0] Step: [  33/ 125] time: 245.7343, d_loss: 0.19472374, g_loss: 70.61216736
Epoch: [ 0] Step: [  34/ 125] time: 251.8528, d_loss: 0.00430858, g_loss: 15.89099407
Epoch: [ 0] Step: [  35/ 125] time: 257.9505, d_loss: 30.21259689, g_loss: 0.00000000
Epoch: [ 0] Step: [  36/ 125] time: 263.6868, d_loss: 0.00117612, g_loss: 52.44148636
Epoch: [ 0] Step: [  37/ 125] time: 270.0521, d_loss: 0.06056618, g_loss: 50.30465698
Epoch: [ 0] Step: [  38/ 125] time: 276.2010, d_loss: 0.09056939, g_loss: 13.23681068
Epoch: [ 0] Step: [  39/ 125] time: 282.6332, d_loss: 21.60268593, g_loss: 0.00000113
Epoch: [ 0] Step: [  40/ 125] time: 288.8806, d_loss: 4.24627352, g_loss: 82.88111877
Epoch: [ 0] Step: [  41/ 125] time: 295.1923, d_loss: 0.07868014, g_loss: 85.86544800
Epoch: [ 0] Step: [  42/ 125] time: 301.2393, d_loss: 0.00004120, g_loss: 54.23897552
Epoch: [ 0] Step: [  43/ 125] time: 307.5599, d_loss: 0.43001771, g_loss: 8.27699184
Epoch: [ 0] Step: [  44/ 125] time: 314.2056, d_loss: 14.51149082, g_loss: 0.01435349
Epoch: [ 0] Step: [  45/ 125] time: 320.3145, d_loss: 0.26192111, g_loss: 84.45960999
Epoch: [ 0] Step: [  46/ 125] time: 326.7022, d_loss: 0.65403497, g_loss: 90.15251923
Epoch: [ 0] Step: [  47/ 125] time: 332.4911, d_loss: 0.00074641, g_loss: 61.43136597
Epoch: [ 0] Step: [  48/ 125] time: 338.6597, d_loss: 0.00008578, g_loss: 18.94745827
Epoch: [ 0] Step: [  49/ 125] time: 344.7471, d_loss: 14.77147388, g_loss: 0.00049768
Epoch: [ 0] Step: [  50/ 125] time: 350.9819, d_loss: 0.27278394, g_loss: 108.84896088
Epoch: [ 0] Step: [  51/ 125] time: 357.0005, d_loss: 0.63570470, g_loss: 116.32810974
Epoch: [ 0] Step: [  52/ 125] time: 362.8794, d_loss: 0.00000009, g_loss: 100.15278625
Epoch: [ 0] Step: [  53/ 125] time: 369.1486, d_loss: 0.00000000, g_loss: 64.66447449
Epoch: [ 0] Step: [  54/ 125] time: 375.7003, d_loss: 0.00000000, g_loss: 33.62207031
Epoch: [ 0] Step: [  55/ 125] time: 382.0057, d_loss: 0.51253879, g_loss: 8.11128235
Epoch: [ 0] Step: [  56/ 125] time: 388.1933, d_loss: 0.03573447, g_loss: 13.22698116
Epoch: [ 0] Step: [  57/ 125] time: 394.5009, d_loss: 0.09001049, g_loss: 14.32364845
Epoch: [ 0] Step: [  58/ 125] time: 400.8093, d_loss: 0.18299779, g_loss: 11.54127979
Epoch: [ 0] Step: [  59/ 125] time: 407.2527, d_loss: 0.07258897, g_loss: 10.39417267
Epoch: [ 0] Step: [  60/ 125] time: 413.7546, d_loss: 0.00256645, g_loss: 16.95956421
Epoch: [ 0] Step: [  61/ 125] time: 419.7146, d_loss: 0.00054403, g_loss: 16.32168579
Epoch: [ 0] Step: [  62/ 125] time: 425.7795, d_loss: 0.24818093, g_loss: 10.29717541
Epoch: [ 0] Step: [  63/ 125] time: 432.3442, d_loss: 0.58534706, g_loss: 6.80065536
Epoch: [ 0] Step: [  64/ 125] time: 438.2570, d_loss: 0.00000037, g_loss: 45.16674423
Epoch: [ 0] Step: [  65/ 125] time: 444.5103, d_loss: 0.00000445, g_loss: 53.98065186
Epoch: [ 0] Step: [  66/ 125] time: 450.6946, d_loss: 0.00025267, g_loss: 47.41755676
Epoch: [ 0] Step: [  67/ 125] time: 456.9378, d_loss: 0.00153358, g_loss: 43.85683060
Epoch: [ 0] Step: [  68/ 125] time: 463.4857, d_loss: 0.00000167, g_loss: 39.62464523
Epoch: [ 0] Step: [  69/ 125] time: 469.5272, d_loss: 0.00790209, g_loss: 19.98160934
Epoch: [ 0] Step: [  70/ 125] time: 476.2242, d_loss: 0.65312666, g_loss: 9.56118393
Epoch: [ 0] Step: [  71/ 125] time: 482.3806, d_loss: 0.00500052, g_loss: 28.84386063
Epoch: [ 0] Step: [  72/ 125] time: 488.3420, d_loss: 0.01604332, g_loss: 40.74854279
Epoch: [ 0] Step: [  73/ 125] time: 494.3089, d_loss: 0.00369326, g_loss: 37.07182312
Epoch: [ 0] Step: [  74/ 125] time: 500.8278, d_loss: 0.00023786, g_loss: 26.89123917
Epoch: [ 0] Step: [  75/ 125] time: 506.9891, d_loss: 0.00005350, g_loss: 32.60138702
Epoch: [ 0] Step: [  76/ 125] time: 513.2519, d_loss: 0.00305328, g_loss: 15.10378647
Epoch: [ 0] Step: [  77/ 125] time: 519.5589, d_loss: 0.97284937, g_loss: 7.18541431
Epoch: [ 0] Step: [  78/ 125] time: 525.8116, d_loss: 0.01360499, g_loss: 15.56181526
Epoch: [ 0] Step: [  79/ 125] time: 532.0376, d_loss: 0.00322512, g_loss: 23.98425293
Epoch: [ 0] Step: [  80/ 125] time: 538.5794, d_loss: 0.00713515, g_loss: 24.33865738
Epoch: [ 0] Step: [  81/ 125] time: 544.4366, d_loss: 0.13492230, g_loss: 13.98006916
Epoch: [ 0] Step: [  82/ 125] time: 550.7183, d_loss: 0.13013658, g_loss: 15.22578430
Epoch: [ 0] Step: [  83/ 125] time: 557.1184, d_loss: 0.12504220, g_loss: 15.37722683
Epoch: [ 0] Step: [  84/ 125] time: 563.1866, d_loss: 0.07222755, g_loss: 12.18641090
Epoch: [ 0] Step: [  85/ 125] time: 569.3530, d_loss: 0.07390907, g_loss: 19.59653473
Epoch: [ 0] Step: [  86/ 125] time: 575.4146, d_loss: 0.00803058, g_loss: 28.93713760
Epoch: [ 0] Step: [  87/ 125] time: 581.5654, d_loss: 0.05317398, g_loss: 22.41936302
Epoch: [ 0] Step: [  88/ 125] time: 587.6267, d_loss: 0.00025860, g_loss: 20.04203796
Epoch: [ 0] Step: [  89/ 125] time: 594.2764, d_loss: 0.65981209, g_loss: 9.39571857
Epoch: [ 0] Step: [  90/ 125] time: 600.6412, d_loss: 0.14344548, g_loss: 15.85034180
Epoch: [ 0] Step: [  91/ 125] time: 606.7690, d_loss: 0.04995606, g_loss: 32.15811157
Epoch: [ 0] Step: [  92/ 125] time: 612.6380, d_loss: 0.00000498, g_loss: 42.45080566
Epoch: [ 0] Step: [  93/ 125] time: 618.7175, d_loss: 0.00027506, g_loss: 23.31148529
Epoch: [ 0] Step: [  94/ 125] time: 625.1511, d_loss: 0.00000014, g_loss: 24.25384903
Epoch: [ 0] Step: [  95/ 125] time: 631.1910, d_loss: 0.00002393, g_loss: 27.50824547
Epoch: [ 0] Step: [  96/ 125] time: 637.5548, d_loss: 0.00000010, g_loss: 36.55587769
Epoch: [ 0] Step: [  97/ 125] time: 643.6227, d_loss: 0.63831699, g_loss: 7.51225471
Epoch: [ 0] Step: [  98/ 125] time: 649.7768, d_loss: 4.46065378, g_loss: 1.90894508
Epoch: [ 0] Step: [  99/ 125] time: 655.7581, d_loss: 24.87954140, g_loss: 106.57085419
Epoch: [ 0] Step: [ 100/ 125] time: 661.7935, d_loss: 0.00000000, g_loss: 89.29875183
Epoch: [ 0] Step: [ 101/ 125] time: 667.3715, d_loss: 0.00010705, g_loss: 21.08964539
Epoch: [ 0] Step: [ 102/ 125] time: 673.4887, d_loss: 3.26756310, g_loss: 5.74400425
Epoch: [ 0] Step: [ 103/ 125] time: 679.7526, d_loss: 0.00000000, g_loss: 29.51583481
Epoch: [ 0] Step: [ 104/ 125] time: 685.6067, d_loss: 0.00000000, g_loss: 145.15513611
Epoch: [ 0] Step: [ 105/ 125] time: 691.6691, d_loss: 0.00000000, g_loss: 109.36167908
Epoch: [ 0] Step: [ 106/ 125] time: 697.6113, d_loss: 0.06726626, g_loss: 11.16122818
Epoch: [ 0] Step: [ 107/ 125] time: 703.7286, d_loss: 0.00000000, g_loss: 33.31387