{'?': <absl.app.HelpFlag object at 0x7f4b46cab450>,
 'alsologtostderr': <absl.flags._flag.BooleanFlag object at 0x7f4b5297b810>,
 'batch_size': <absl.flags._flag.Flag object at 0x7f4b46cab090>,
 'beta1': <absl.flags._flag.Flag object at 0x7f4b46ca3cd0>,
 'c_dim': <absl.flags._flag.Flag object at 0x7f4b46cab190>,
 'checkpoint_dir': <absl.flags._flag.Flag object at 0x7f4b46cab2d0>,
 'data_format': <absl.flags._flag.Flag object at 0x7f4b46cab210>,
 'datafile': <absl.flags._flag.Flag object at 0x7f4b46ca3b10>,
 'dataset': <absl.flags._flag.Flag object at 0x7f4b46ca3990>,
 'df_dim': <absl.flags._flag.Flag object at 0x7f4b46ca3fd0>,
 'epoch': <absl.flags._flag.Flag object at 0x7f4b46ca3b90>,
 'experiment': <absl.flags._flag.Flag object at 0x7f4b46cab390>,
 'flip_labels': <absl.flags._flag.Flag object at 0x7f4b46ca3d50>,
 'gf_dim': <absl.flags._flag.Flag object at 0x7f4b46ca3f50>,
 'help': <absl.app.HelpFlag object at 0x7f4b46cab450>,
 'helpfull': <absl.app.HelpfullFlag object at 0x7f4b46cab4d0>,
 'helpshort': <absl.app.HelpshortFlag object at 0x7f4b46cab490>,
 'helpxml': <absl.app.HelpXMLFlag object at 0x7f4b46cab510>,
 'learning_rate': <absl.flags._flag.Flag object at 0x7f4b46ca3c50>,
 'log_dir': <absl.flags._flag.Flag object at 0x7f4b5297b8d0>,
 'logtostderr': <absl.flags._flag.BooleanFlag object at 0x7f4b5297b710>,
 'nd_layers': <absl.flags._flag.Flag object at 0x7f4b46ca3e50>,
 'ng_layers': <absl.flags._flag.Flag object at 0x7f4b46ca3ed0>,
 'only_check_args': <absl.flags._flag.BooleanFlag object at 0x7f4b52907050>,
 'op_conversion_fallback_to_while_loop': <absl.flags._flag.BooleanFlag object at 0x7f4b5111b5d0>,
 'output_size': <absl.flags._flag.Flag object at 0x7f4b46cab110>,
 'pdb_post_mortem': <absl.flags._flag.BooleanFlag object at 0x7f4b529736d0>,
 'profile_file': <absl.flags._flag.Flag object at 0x7f4b5297bf90>,
 'run_with_pdb': <absl.flags._flag.BooleanFlag object at 0x7f4b52970b90>,
 'run_with_profiling': <absl.flags._flag.BooleanFlag object at 0x7f4b52973250>,
 'save_every_step': <absl.flags._flag.BooleanFlag object at 0x7f4b46cab3d0>,
 'showprefixforinfo': <absl.flags._flag.BooleanFlag object at 0x7f4b5297bad0>,
 'stderrthreshold': <absl.logging._StderrthresholdFlag object at 0x7f4b5297ba50>,
 'test_random_seed': <absl.flags._flag.Flag object at 0x7f4b47225050>,
 'test_randomize_ordering_seed': <absl.flags._flag.Flag object at 0x7f4b47239110>,
 'test_srcdir': <absl.flags._flag.Flag object at 0x7f4b47236310>,
 'test_tmpdir': <absl.flags._flag.Flag object at 0x7f4b47236450>,
 'transpose_matmul_b': <absl.flags._flag.BooleanFlag object at 0x7f4b46cab250>,
 'use_cprofile_for_profiling': <absl.flags._flag.BooleanFlag object at 0x7f4b5297bfd0>,
 'v': <absl.logging._VerbosityFlag object at 0x7f4b5297b910>,
 'verbose': <absl.flags._flag.BooleanFlag object at 0x7f4b46cab410>,
 'verbosity': <absl.logging._VerbosityFlag object at 0x7f4b5297b910>,
 'xml_output_file': <absl.flags._flag.Flag object at 0x7f4b471cf690>,
 'z_dim': <absl.flags._flag.Flag object at 0x7f4b46ca3dd0>}
