{'?': <absl.app.HelpFlag object at 0x7f00f1597550>,
 'alsologtostderr': <absl.flags._flag.BooleanFlag object at 0x7f00fd268850>,
 'batch_size': <absl.flags._flag.Flag object at 0x7f00f1597190>,
 'beta1': <absl.flags._flag.Flag object at 0x7f00f158edd0>,
 'c_dim': <absl.flags._flag.Flag object at 0x7f00f1597290>,
 'checkpoint_dir': <absl.flags._flag.Flag object at 0x7f00f15973d0>,
 'data_format': <absl.flags._flag.Flag object at 0x7f00f1597310>,
 'datafile': <absl.flags._flag.Flag object at 0x7f00f158ec10>,
 'dataset': <absl.flags._flag.Flag object at 0x7f00f158ea90>,
 'df_dim': <absl.flags._flag.Flag object at 0x7f00f1597110>,
 'epoch': <absl.flags._flag.Flag object at 0x7f00f158ec90>,
 'experiment': <absl.flags._flag.Flag object at 0x7f00f1597490>,
 'flip_labels': <absl.flags._flag.Flag object at 0x7f00f158ee50>,
 'gf_dim': <absl.flags._flag.Flag object at 0x7f00f1597090>,
 'help': <absl.app.HelpFlag object at 0x7f00f1597550>,
 'helpfull': <absl.app.HelpfullFlag object at 0x7f00f15975d0>,
 'helpshort': <absl.app.HelpshortFlag object at 0x7f00f1597590>,
 'helpxml': <absl.app.HelpXMLFlag object at 0x7f00f1597610>,
 'learning_rate': <absl.flags._flag.Flag object at 0x7f00f158ed50>,
 'log_dir': <absl.flags._flag.Flag object at 0x7f00fd268910>,
 'logtostderr': <absl.flags._flag.BooleanFlag object at 0x7f00fd268750>,
 'nd_layers': <absl.flags._flag.Flag object at 0x7f00f158ef50>,
 'ng_layers': <absl.flags._flag.Flag object at 0x7f00f158efd0>,
 'only_check_args': <absl.flags._flag.BooleanFlag object at 0x7f00fd1f4090>,
 'op_conversion_fallback_to_while_loop': <absl.flags._flag.BooleanFlag object at 0x7f00fba08610>,
 'output_size': <absl.flags._flag.Flag object at 0x7f00f1597210>,
 'pdb_post_mortem': <absl.flags._flag.BooleanFlag object at 0x7f00fd260710>,
 'profile_file': <absl.flags._flag.Flag object at 0x7f00fd268fd0>,
 'run_with_pdb': <absl.flags._flag.BooleanFlag object at 0x7f00fd25dbd0>,
 'run_with_profiling': <absl.flags._flag.BooleanFlag object at 0x7f00fd260290>,
 'save_every_step': <absl.flags._flag.BooleanFlag object at 0x7f00f15974d0>,
 'showprefixforinfo': <absl.flags._flag.BooleanFlag object at 0x7f00fd268b10>,
 'stderrthreshold': <absl.logging._StderrthresholdFlag object at 0x7f00fd268a90>,
 'test_random_seed': <absl.flags._flag.Flag object at 0x7f00f1b12090>,
 'test_randomize_ordering_seed': <absl.flags._flag.Flag object at 0x7f00f1b26150>,
 'test_srcdir': <absl.flags._flag.Flag object at 0x7f00f1b21350>,
 'test_tmpdir': <absl.flags._flag.Flag object at 0x7f00f1b21490>,
 'transpose_matmul_b': <absl.flags._flag.BooleanFlag object at 0x7f00f1597350>,
 'use_cprofile_for_profiling': <absl.flags._flag.BooleanFlag object at 0x7f00fd1f4050>,
 'v': <absl.logging._VerbosityFlag object at 0x7f00fd268950>,
 'verbose': <absl.flags._flag.BooleanFlag object at 0x7f00f1597510>,
 'verbosity': <absl.logging._VerbosityFlag object at 0x7f00fd268950>,
 'xml_output_file': <absl.flags._flag.Flag object at 0x7f00f1abc6d0>,
 'z_dim': <absl.flags._flag.Flag object at 0x7f00f158eed0>}
 [*] Reading checkpoints...
