{'?': <absl.app.HelpFlag object at 0x7f7827a664d0>,
 'alsologtostderr': <absl.flags._flag.BooleanFlag object at 0x7f78337377d0>,
 'batch_size': <absl.flags._flag.Flag object at 0x7f7827a66110>,
 'beta1': <absl.flags._flag.Flag object at 0x7f7827a5ed50>,
 'c_dim': <absl.flags._flag.Flag object at 0x7f7827a66210>,
 'checkpoint_dir': <absl.flags._flag.Flag object at 0x7f7827a66350>,
 'data_format': <absl.flags._flag.Flag object at 0x7f7827a66290>,
 'datafile': <absl.flags._flag.Flag object at 0x7f7827a5eb90>,
 'dataset': <absl.flags._flag.Flag object at 0x7f7827a5ea10>,
 'df_dim': <absl.flags._flag.Flag object at 0x7f7827a66090>,
 'epoch': <absl.flags._flag.Flag object at 0x7f7827a5ec10>,
 'experiment': <absl.flags._flag.Flag object at 0x7f7827a66410>,
 'flip_labels': <absl.flags._flag.Flag object at 0x7f7827a5edd0>,
 'gf_dim': <absl.flags._flag.Flag object at 0x7f7827a5efd0>,
 'help': <absl.app.HelpFlag object at 0x7f7827a664d0>,
 'helpfull': <absl.app.HelpfullFlag object at 0x7f7827a66550>,
 'helpshort': <absl.app.HelpshortFlag object at 0x7f7827a66510>,
 'helpxml': <absl.app.HelpXMLFlag object at 0x7f7827a66590>,
 'learning_rate': <absl.flags._flag.Flag object at 0x7f7827a5ecd0>,
 'log_dir': <absl.flags._flag.Flag object at 0x7f7833737890>,
 'logtostderr': <absl.flags._flag.BooleanFlag object at 0x7f78337376d0>,
 'nd_layers': <absl.flags._flag.Flag object at 0x7f7827a5eed0>,
 'ng_layers': <absl.flags._flag.Flag object at 0x7f7827a5ef50>,
 'only_check_args': <absl.flags._flag.BooleanFlag object at 0x7f7833737fd0>,
 'op_conversion_fallback_to_while_loop': <absl.flags._flag.BooleanFlag object at 0x7f7831ed7590>,
 'output_size': <absl.flags._flag.Flag object at 0x7f7827a66190>,
 'pdb_post_mortem': <absl.flags._flag.BooleanFlag object at 0x7f783372f690>,
 'profile_file': <absl.flags._flag.Flag object at 0x7f7833737f50>,
 'run_with_pdb': <absl.flags._flag.BooleanFlag object at 0x7f783372cb50>,
 'run_with_profiling': <absl.flags._flag.BooleanFlag object at 0x7f783372f210>,
 'save_every_step': <absl.flags._flag.BooleanFlag object at 0x7f7827a66450>,
 'showprefixforinfo': <absl.flags._flag.BooleanFlag object at 0x7f7833737a90>,
 'stderrthreshold': <absl.logging._StderrthresholdFlag object at 0x7f7833737a10>,
 'test_random_seed': <absl.flags._flag.Flag object at 0x7f7827fdefd0>,
 'test_randomize_ordering_seed': <absl.flags._flag.Flag object at 0x7f7827ff50d0>,
 'test_srcdir': <absl.flags._flag.Flag object at 0x7f7827ff22d0>,
 'test_tmpdir': <absl.flags._flag.Flag object at 0x7f7827ff2410>,
 'transpose_matmul_b': <absl.flags._flag.BooleanFlag object at 0x7f7827a662d0>,
 'use_cprofile_for_profiling': <absl.flags._flag.BooleanFlag object at 0x7f7833737f90>,
 'v': <absl.logging._VerbosityFlag object at 0x7f78337378d0>,
 'verbose': <absl.flags._flag.BooleanFlag object at 0x7f7827a66490>,
 'verbosity': <absl.logging._VerbosityFlag object at 0x7f78337378d0>,
 'xml_output_file': <absl.flags._flag.Flag object at 0x7f7827f8b650>,
 'z_dim': <absl.flags._flag.Flag object at 0x7f7827a5ee50>}
 [*] Reading checkpoints...
 [*] Success to read dcgan.model-epoch-19
Epoch: [20] Step: [   0/ 125] time: 45.6288, d_loss: 0.00000000, g_loss: 3.00746846
Epoch: [20] Step: [   1/ 125] time: 53.6161, d_loss: 0.00000000, g_loss: 2.74056768
Epoch: [20] Step: [   2/ 125] time: 61.1044, d_loss: 0.00000000, g_loss: 2.60338140
Epoch: [20] Step: [   3/ 125] time: 68.4758, d_loss: 0.00000000, g_loss: 2.52708578
Epoch: [20] Step: [   4/ 125] time: 75.7094, d_loss: 0.00000000, g_loss: 3.22652817
Epoch: [20] Step: [   5/ 125] time: 82.8582, d_loss: 0.00000000, g_loss: 2.51116800
Epoch: [20] Step: [   6/ 125] time: 90.3916, d_loss: 0.00000000, g_loss: 2.64380527
Epoch: [20] Step: [   7/ 125] time: 97.9951, d_loss: 0.00000000, g_loss: 2.44424701
Epoch: [20] Step: [   8/ 125] time: 104.9413, d_loss: 3.03828883, g_loss: 2.16711020
Epoch: [20] Step: [   9/ 125] time: 112.3174, d_loss: 0.00000000, g_loss: 1.92932820
Epoch: [20] Step: [  10/ 125] time: 119.4949, d_loss: 0.00000000, g_loss: 1.96956658
Epoch: [20] Step: [  11/ 125] time: 126.9999, d_loss: 0.00000000, g_loss: 2.02817869
Epoch: [20] Step: [  12/ 125] time: 134.6110, d_loss: 0.00000000, g_loss: 1.96887231
Epoch: [20] Step: [  13/ 125] time: 141.7563, d_loss: 0.00000000, g_loss: 1.72860408
Epoch: [20] Step: [  14/ 125] time: 148.9290, d_loss: 0.00000000, g_loss: 1.62480223
Epoch: [20] Step: [  15/ 125] time: 156.9152, d_loss: 0.00000000, g_loss: 1.56896818
Epoch: [20] Step: [  16/ 125] time: 163.7481, d_loss: 0.01081660, g_loss: 1.43097007
Epoch: [20] Step: [  17/ 125] time: 170.6498, d_loss: 0.00000000, g_loss: 1.63739049
Epoch: [20] Step: [  18/ 125] time: 178.0007, d_loss: 0.00000000, g_loss: 2.59794307
Epoch: [20] Step: [  19/ 125] time: 185.0421, d_loss: 0.00000000, g_loss: 2.60101819
Epoch: [20] Step: [  20/ 125] time: 191.9808, d_loss: 0.00018155, g_loss: 2.92999816
Epoch: [20] Step: [  21/ 125] time: 199.4927, d_loss: 0.00000000, g_loss: 2.27810788
Epoch: [20] Step: [  22/ 125] time: 206.8622, d_loss: 0.00000000, g_loss: 2.74969244
Epoch: [20] Step: [  23/ 125] time: 214.2300, d_loss: 0.00325423, g_loss: 2.14700270
Epoch: [20] Step: [  24/ 125] time: 221.5623, d_loss: 0.00000000, g_loss: 2.86917210
Epoch: [20] Step: [  25/ 125] time: 228.9093, d_loss: 0.00000000, g_loss: 2.94329143
Epoch: [20] Step: [  26/ 125] time: 236.3916, d_loss: 0.00000000, g_loss: 2.81118822
Epoch: [20] Step: [  27/ 125] time: 243.9507, d_loss: 1.47985208, g_loss: 1.58394170
Epoch: [20] Step: [  28/ 125] time: 251.3481, d_loss: 0.00000000, g_loss: 3.83733892
Epoch: [20] Step: [  29/ 125] time: 258.5216, d_loss: 0.00000000, g_loss: 5.70051670
Epoch: [20] Step: [  30/ 125] time: 265.9311, d_loss: 0.00000000, g_loss: 3.37710333
Epoch: [20] Step: [  31/ 125] time: 272.9278, d_loss: 0.00000000, g_loss: 3.44327760
Epoch: [20] Step: [  32/ 125] time: 280.0473, d_loss: 0.00000000, g_loss: 2.99860597
Epoch: [20] Step: [  33/ 125] time: 287.0609, d_loss: 0.00000000, g_loss: 3.17714167
Epoch: [20] Step: [  34/ 125] time: 294.4551, d_loss: 0.00000000, g_loss: 3.18596792
Epoch: [20] Step: [  35/ 125] time: 301.9092, d_loss: 0.00000000, g_loss: 3.85137272
Epoch: [20] Step: [  36/ 125] time: 309.1467, d_loss: 0.00000000, g_loss: 3.23898363
Epoch: [20] Step: [  37/ 125] time: 316.5320, d_loss: 0.00000000, g_loss: 2.55455160
Epoch: [20] Step: [  38/ 125] time: 323.6989, d_loss: 0.00000000, g_loss: 2.46767879
Epoch: [20] Step: [  39/ 125] time: 330.8573, d_loss: 0.00000000, g_loss: 2.69044209
Epoch: [20] Step: [  40/ 125] time: 338.5187, d_loss: 0.00000000, g_loss: 3.05935693
Epoch: [20] Step: [  41/ 125] time: 346.2090, d_loss: 0.00000000, g_loss: 2.88467598
Epoch: [20] Step: [  42/ 125] time: 353.4701, d_loss: 0.00000000, g_loss: 2.57845926
Epoch: [20] Step: [  43/ 125] time: 360.7763, d_loss: 0.00000000, g_loss: 2.86127424
Epoch: [20] Step: [  44/ 125] time: 367.8612, d_loss: 0.00000000, g_loss: 3.04625320
Epoch: [20] Step: [  45/ 125] time: 375.4125, d_loss: 0.00000000, g_loss: 2.53904915
Epoch: [20] Step: [  46/ 125] time: 383.0165, d_loss: 0.00000000, g_loss: 2.64795327
Epoch: [20] Step: [  47/ 125] time: 390.6049, d_loss: 0.00000000, g_loss: 2.59710503
Epoch: [20] Step: [  48/ 125] time: 397.8578, d_loss: 0.00000000, g_loss: 2.52233124
Epoch: [20] Step: [  49/ 125] time: 405.1417, d_loss: 0.00000000, g_loss: 2.73362112
Epoch: [20] Step: [  50/ 125] time: 412.1306, d_loss: 0.00000000, g_loss: 2.49158478
Epoch: [20] Step: [  51/ 125] time: 419.2184, d_loss: 0.01752178, g_loss: 2.55182743
Epoch: [20] Step: [  52/ 125] time: 426.5250, d_loss: 0.00000000, g_loss: 2.58101749
Epoch: [20] Step: [  53/ 125] time: 433.8241, d_loss: 0.00000000, g_loss: 2.56787062
Epoch: [20] Step: [  54/ 125] time: 440.8272, d_loss: 0.00000000, g_loss: 2.27525330
Epoch: [20] Step: [  55/ 125] time: 448.1480, d_loss: 0.00000000, g_loss: 2.23339152
Epoch: [20] Step: [  56/ 125] time: 455.3601, d_loss: 0.00000000, g_loss: 2.72037864
Epoch: [20] Step: [  57/ 125] time: 462.5818, d_loss: 0.00000000, g_loss: 2.23049736
Epoch: [20] Step: [  58/ 125] time: 469.9632, d_loss: 0.00000000, g_loss: 2.47378874
Epoch: [20] Step: [  59/ 125] time: 477.6160, d_loss: 5.33392143, g_loss: 2.19280052
Epoch: [20] Step: [  60/ 125] time: 484.7544, d_loss: 0.00000000, g_loss: 2.19122219
Epoch: [20] Step: [  61/ 125] time: 492.2659, d_loss: 0.00000000, g_loss: 2.86462665
Epoch: [20] Step: [  62/ 125] time: 499.4174, d_loss: 0.00000000, g_loss: 2.37978792
Epoch: [20] Step: [  63/ 125] time: 506.9093, d_loss: 0.00000000, g_loss: 2.21619678
Epoch: [20] Step: [  64/ 125] time: 513.9891, d_loss: 0.00000000, g_loss: 2.63491964
Epoch: [20] Step: [  65/ 125] time: 520.7965, d_loss: 0.00000000, g_loss: 2.41693115
Epoch: [20] Step: [  66/ 125] time: 528.4044, d_loss: 0.00000000, g_loss: 2.24073291
Epoch: [20] Step: [  67/ 125] time: 535.9711, d_loss: 3.36350060, g_loss: 2.59383440
Epoch: [20] Step: [  68/ 125] time: 543.2780, d_loss: 0.00000000, g_loss: 2.53700495
Epoch: [20] Step: [  69/ 125] time: 550.6092, d_loss: 0.00000000, g_loss: 2.62380004
Epoch: [20] Step: [  70/ 125] time: 557.8025, d_loss: 0.00000000, g_loss: 2.30252790
Epoch: [20] Step: [  71/ 125] time: 565.6092, d_loss: 0.00000000, g_loss: 2.26640177
Epoch: [20] Step: [  72/ 125] time: 572.4931, d_loss: 0.00000000, g_loss: 3.03292632
Epoch: [20] Step: [  73/ 125] time: 579.8849, d_loss: 0.00000000, g_loss: 2.45839524
Epoch: [20] Step: [  74/ 125] time: 587.0587, d_loss: 0.00000000, g_loss: 2.83784294
Epoch: [20] Step: [  75/ 125] time: 594.3773, d_loss: 0.00000000, g_loss: 3.28472662
Epoch: [20] Step: [  76/ 125] time: 601.9234, d_loss: 0.00000000, g_loss: 3.79502821
Epoch: [20] Step: [  77/ 125] time: 609.4011, d_loss: 0.00000000, g_loss: 2.70502615
Epoch: [20] Step: [  78/ 125] time: 616.7328, d_loss: 0.00000000, g_loss: 2.60939384
Epoch: [20] Step: [  79/ 125] time: 624.0988, d_loss: 0.00000000, g_loss: 2.39971781
Epoch: [20] Step: [  80/ 125] time: 631.4447, d_loss: 0.00000000, g_loss: 2.46038961
Epoch: [20] Step: [  81/ 125] time: 638.7966, d_loss: 0.00000000, g_loss: 1.93557787
Epoch: [20] Step: [  82/ 125] time: 646.1759, d_loss: 0.00000000, g_loss: 2.21731710
Epoch: [20] Step: [  83/ 125] time: 653.2475, d_loss: 0.00000000, g_loss: 2.30059767
Epoch: [20] Step: [  84/ 125] time: 660.5291, d_loss: 0.00000000, g_loss: 1.92778230
Epoch: [20] Step: [  85/ 125] time: 667.6885, d_loss: 0.00000000, g_loss: 2.14176512
Epoch: [20] Step: [  86/ 125] time: 674.8467, d_loss: 0.00000000, g_loss: 1.77358198
Epoch: [20] Step: [  87/ 125] time: 681.9662, d_loss: 0.00000000, g_loss: 2.73987794
Epoch: [20] Step: [  88/ 125] time: 689.4544, d_loss: 0.00000000, g_loss: 2.13103962
Epoch: [20] Step: [  89/ 125] time: 696.7254, d_loss: 0.00000000, g_loss: 2.51323676
Epoch: [20] Step: [  90/ 125] time: 704.1819, d_loss: 0.00000000, g_loss: 2.61138916
Epoch: [20] Step: [  91/ 125] time: 711.4284, d_loss: 0.00000000, g_loss: 2.20801187
Epoch: [20] Step: [  92/ 125] time: 718.9368, d_loss: 0.00000000, g_loss: 2.58573604
Epoch: [20] Step: [  93/ 125] time: 726.2179, d_loss: 0.00000000, g_loss: 2.18717098
Epoch: [20] Step: [  94/ 125] time: 733.7721, d_loss: 0.00000000, g_loss: 2.00012398
Epoch: [20] Step: [  95/ 125] time: 741.6298, d_loss: 0.00000000, g_loss: 1.75050581
Epoch: [20] Step: [  96/ 125] time: 748.7121, d_loss: 0.00000000, g_loss: 2.14845228
Epoch: [20] Step: [  97/ 125] time: 756.2114, d_loss: 0.00000000, g_loss: 2.17991424
Epoch: [20] Step: [  98/ 125] time: 763.4549, d_loss: 4.54021072, g_loss: 4.09694767
Epoch: [20] Step: [  99/ 125] time: 770.9007, d_loss: 0.85098457, g_loss: 2.89378333
Epoch: [20] Step: [ 100/ 125] time: 778.4368, d_loss: 0.00000000, g_loss: 2.71834755
Epoch: [20] Step: [ 101/ 125] time: 785.8719, d_loss: 0.00000000, g_loss: 2.08264732
Epoch: [20] Step: [ 102/ 125] time: 793.0536, d_loss: 0.00055533, g_loss: 1.93706679
Epoch: [20] Step: [ 103/ 125] time: 800.8538, d_loss: 0.02069509, g_loss: 1.93951583
Epoch: [20] Step: [ 104/ 125] time: 808.4796, d_loss: 0.00000000, g_loss: 2.07176423
Epoch: [20] Step: [ 105/ 125] time: 815.9262, d_loss: 0.00072786, g_loss: 1.17100251
Epoch: [20] Step: [ 106/ 125] time: 823.4388, d_loss: 0.00063872, g_loss: 1.90786552
Epoch: [20] Step: [ 107/ 125] time: 830.7846, d_loss: 0.02201375, g_loss: 1.42833650
Epoch: [20] Step: [ 108/ 125] time: 838.0249, d_loss: 0.01001585, g_loss: 1.85140157
Epoch: [20] Step: [ 109/ 125] time: 845.3891, d_loss: 0.00649816, g_loss: 1.81862402
Epoch: [20] Step: [ 110/ 125] time: 853.1573, d_loss: 0.00000000, g_loss: 1.49740553
Epoch: [20] Step: [ 111/ 125] time: 860.3790, d_loss: 0.01840931, g_loss: 1.50760126
Epoch: [20] Step: [ 112/ 125] time: 867.4352, d_loss: 0.03429206, g_loss: 1.50320458
Epoch: [20] Step: [ 113/ 125] time: 875.0969, d_loss: 0.01256004, g_loss: 1.52746224
Epoch: [20] Step: [ 114/ 125] time: 882.5054, d_loss: 0.00000000, g_loss: 1.82521558
Epoch: [20] Step: [ 115/ 125] time: 889.6844, d_loss: 0.00000000, g_loss: 1.68754387
Epoch: [20] Step: [ 116/ 125] time: 897.2016, d_loss: 0.00586982, g_loss: 1.48594439
Epoch: [20] Step: [ 117/ 125] time: 904.8712, d_loss: 0.21450098, g_loss: 1.12142909
Epoch: [20] Step: [ 118/ 125] time: 912.0795, d_loss: 0.07147026, g_loss: 0.66826653
Epoch: [20] Step: [ 119/ 125] time: 919.7858, d_loss: 0.00000000, g_loss: 3.15980363
Epoch: [20] Step: [ 120/ 125] time: 927.4612, d_loss: 0.00000000, g_loss: 3.57739735
Epoch: [20] Step: [ 121/ 125] time: 935.1023, d_loss: 0.00000000, g_loss: 3.11788416
Epoch: [20] Step: [ 122/ 125] time: 942.5600, d_loss: 0.00000000, g_loss: 2.38766861
Epoch: [20] Step: [ 123/ 125] time: 950.3207, d_loss: 0.01499745, g_loss: 1.31095743
Epoch: [20] Step: [ 124/ 125] time: 958.2137, d_loss: 0.00000000, g_loss: 5.49518156
Epoch: [21] Step: [   0/ 125] time: 977.4026, d_loss: 0.00000000, g_loss: 5.20790005
Epoch: [21] Step: [   1/ 125] time: 984.7265, d_loss: 0.01739676, g_loss: 3.72244740
Epoch: [21] Step: [   2/ 125] time: 991.6851, d_loss: 0.00351662, g_loss: 3.48995996
Epoch: [21] Step: [   3/ 125] time: 998.5294, d_loss: 0.00000000, g_loss: 2.81624150
Epoch: [21] Step: [   4/ 125] time: 1005.4026, d_loss: 0.01014722, g_loss: 2.63849092
Epoch: [21] Step: [   5/ 125] time: 1012.6953, d_loss: 1.81242085, g_loss: 2.42554808
Epoch: [21] Step: [   6/ 125] time: 1019.5007, d_loss: 0.04135974, g_loss: 2.20103502
Epoch: [21] Step: [   7/ 125] time: 1026.7468, d_loss: 0.81830776, g_loss: -0.11118838
Epoch: [21] Step: [   8/ 125] time: 1033.7651, d_loss: 0.15265918, g_loss: 5.06975079
Epoch: [21] Step: [   9/ 125] time: 1040.8373, d_loss: 0.00513338, g_loss: 5.10559130
Epoch: [21] Step: [  10/ 125] time: 1047.4615, d_loss: 0.00000000, g_loss: 4.93939877
Epoch: [21] Step: [  11/ 125] time: 1054.5899, d_loss: 0.00000000, g_loss: 4.61950493
Epoch: [21] Step: [  12/ 125] time: 1061.3295, d_loss: 0.00000000, g_loss: 4.53762770
Epoch: [21] Step: [  13/ 125] time: 1068.2625, d_loss: 0.00000000, g_loss: 4.40675688
Epoch: [21] Step: [  14/ 125] time: 1075.1076, d_loss: 0.00000000, g_loss: 4.16159916
Epoch: [21] Step: [  15/ 125] time: 1082.3293, d_loss: 0.00000000, g_loss: 4.04576015
Epoch: [21] Step: [  16/ 125] time: 1089.1952, d_loss: 0.00000000, g_loss: 3.73275948
Epoch: [21] Step: [  17/ 125] time: 1096.0749, d_loss: 0.00000000, g_loss: 3.21559954
Epoch: [21] Step: [  18/ 125] time: 1102.8547, d_loss: 0.00000000, g_loss: 2.98300409
Epoch: [21] Step: [  19/ 125] time: 1109.7484, d_loss: 0.00244113, g_loss: 2.41715813
Epoch: [21] Step: [  20/ 125] time: 1116.8888, d_loss: 0.08141951, g_loss: 2.28765249
Epoch: [21] Step: [  21/ 125] time: 1123.8800, d_loss: 0.00000000, g_loss: 3.60076809
Epoch: [21] Step: [  22/ 125] time: 1130.4754, d_loss: 0.00000000, g_loss: 3.85504007
Epoch: [21] Step: [  23/ 125] time: 1137.3322, d_loss: 0.00000000, g_loss: 3.65177155
Epoch: [21] Step: [  24/ 125] time: 1144.4393, d_loss: 0.00000000, g_loss: 3.30313253
Epoch: [21] Step: [  25/ 125] time: 1151.5363, d_loss: 0.00000000, g_loss: 2.78776121
Epoch: [21] Step: [  26/ 125] time: 1158.2724, d_loss: 0.01652138, g_loss: 2.45983839
Epoch: [21] Step: [  27/ 125] time: 1165.6007, d_loss: 0.01013125, g_loss: 2.21898127
Epoch: [21] Step: [  28/ 125] time: 1173.1485, d_loss: 0.00661210, g_loss: 2.13546610
Epoch: [21] Step: [  29/ 125] time: 1180.2843, d_loss: 0.15429424, g_loss: 1.35338902
Epoch: [21] Step: [  30/ 125] time: 1187.1534, d_loss: 0.00000000, g_loss: 3.46645880
Epoch: [21] Step: [  31/ 125] time: 1194.0943, d_loss: 0.00000000, g_loss: 3.67206025
Epoch: [21] Step: [  32/ 125] time: 1201.2785, d_loss: 0.00000000, g_loss: 7.86458588
Epoch: [21] Step: [  33/ 125] time: 1208.2662, d_loss: 0.00000000, g_loss: 6.58339310
Epoch: [21] Step: [  34/ 125] time: 1215.2785, d_loss: 0.00000000, g_loss: 6.22251797
Epoch: [21] Step: [  35/ 125] time: 1221.7841, d_loss: 0.00000000, g_loss: 6.27423477
Epoch: [21] Step: [  36/ 125] time: 1228.2107, d_loss: 0.00000000, g_loss: 5.69788933
Epoch: [21] Step: [  37/ 125] time: 1234.6203, d_loss: 0.00000000, g_loss: 4.83915997
Epoch: [21] Step: [  38/ 125] time: 1241.4845, d_loss: 0.00000000, g_loss: 4.52267265
Epoch: [21] Step: [  39/ 125] time: 1247.9560, d_loss: 0.00000000, g_loss: 3.78521371
Epoch: [21] Step: [  40/ 125] time: 1254.8768, d_loss: 0.00000000, g_loss: 2.93117738
Epoch: [21] Step: [  41/ 125] time: 1262.2025, d_loss: 0.00000000, g_loss: 1.92082286
Epoch: [21] Step: [  42/ 125] time: 1269.7772, d_loss: 2.28243542, g_loss: 1.12726855
Epoch: [21] Step: [  43/ 125] time: 1276.6427, d_loss: 0.01072028, g_loss: 4.71825123
Epoch: [21] Step: [  44/ 125] time: 1283.4713, d_loss: 0.02535145, g_loss: 6.90695810
Epoch: [21] Step: [  45/ 125] time: 1290.5503, d_loss: 0.00000000, g_loss: 8.33036041
Epoch: [21] Step: [  46/ 125] time: 1297.2640, d_loss: 0.00000000, g_loss: 6.54044628
Epoch: [21] Step: [  47/ 125] time: 1303.7308, d_loss: 0.00000000, g_loss: 5.58342171
Epoch: [21] Step: [  48/ 125] time: 1310.6519, d_loss: 0.00000000, g_loss: 4.60613871
Epoch: [21] Step: [  49/ 125] time: 1317.6097, d_loss: 0.00000000, g_loss: 4.86139584
Epoch: [21] Step: [  50/ 125] time: 1324.4828, d_loss: 0.00000000, g_loss: 5.30274963
Epoch: [21] Step: [  51/ 125] time: 1331.2314, d_loss: 0.00000000, g_loss: 2.98629379
Epoch: [21] Step: [  52/ 125] time: 1338.2109, d_loss: 0.00000000, g_loss: 2.53077555
Epoch: [21] Step: [  53/ 125] time: 1345.1732, d_loss: 0.00000000, g_loss: 7.67652225
Epoch: [21] Step: [  54/ 125] time: 1351.9991, d_loss: 0.00000000, g_loss: 6.49659348
Epoch: [21] Step: [  55/ 125] time: 1359.4371, d_loss: 0.00000000, g_loss: 3.42605400
Epoch: [21] Step: [  56/ 125] time: 1366.2600, d_loss: 0.00000000, g_loss: 8.16736507
Epoch: [21] Step: [  57/ 125] time: 1373.4069, d_loss: 0.00000000, g_loss: 4.06543732
Epoch: [21] Step: [  58/ 125] time: 1380.7239, d_loss: 0.00000000, g_loss: 3.74598527
Epoch: [21] Step: [  59/ 125] time: 1387.5444, d_loss: 0.00000000, g_loss: 2.40509367
Epoch: [21] Step: [  60/ 125] time: 1394.4536, d_loss: 0.00000000, g_loss: 2.66810870
Epoch: [21] Step: [  61/ 125] time: 1401.2744, d_loss: 0.00000000, g_loss: 5.05325794
Epoch: [21] Step: [  62/ 125] time: 1408.2765, d_loss: 0.00000000, g_loss: 5.66107368
Epoch: [21] Step: [  63/ 125] time: 1415.1842, d_loss: 0.00000000, g_loss: 2.72663975
Epoch: [21] Step: [  64/ 125] time: 1422.4077, d_loss: 0.00000000, g_loss: 3.24377346
Epoch: [21] Step: [  65/ 125] time: 1429.6939, d_loss: 0.00000000, g_loss: 2.47218347
Epoch: [21] Step: [  66/ 125] time: 1436.6789, d_loss: 0.00053790, g_loss: 1.61279392
Epoch: [21] Step: [  67/ 125] time: 1443.6815, d_loss: 0.00000000, g_loss: 1.92708659
Epoch: [21] Step: [  68/ 125] time: 1450.6295, d_loss: 0.76426697, g_loss: 1.92842114
Epoch: [21] Step: [  69/ 125] time: 1457.7561, d_loss: 0.00000000, g_loss: 3.92499685
Epoch: [21] Step: [  70/ 125] time: 1464.8438, d_loss: 0.02368820, g_loss: 2.98438764
Epoch: [21] Step: [  71/ 125] time: 1471.6936, d_loss: 0.00000000, g_loss: 10.77309799
Epoch: [21] Step: [  72/ 125] time: 1478.9747, d_loss: 0.00000000, g_loss: 6.32802486
Epoch: [21] Step: [  73/ 125] time: 1485.7459, d_loss: 0.00000000, g_loss: 4.81942368
Epoch: [21] Step: [  74/ 125] time: 1492.8336, d_loss: 0.00000000, g_loss: 4.32032490
Epoch: [21] Step: [  75/ 125] time: 1499.5339, d_loss: 0.00000000, g_loss: 4.54429054
Epoch: [21] Step: [  76/ 125] time: 1506.1602, d_loss: 0.00000000, g_loss: 3.52437592
Epoch: [21] Step: [  77/ 125] time: 1513.3216, d_loss: 4.55383158, g_loss: 3.51706600
Epoch: [21] Step: [  78/ 125] time: 1520.2845, d_loss: 0.00000000, g_loss: 2.84371281
Epoch: [21] Step: [  79/ 125] time: 1527.4164, d_loss: 0.00000000, g_loss: 2.96777391
Epoch: [21] Step: [  80/ 125] time: 1534.2218, d_loss: 0.00000000, g_loss: 3.12638378
Epoch: [21] Step: [  81/ 125] time: 1541.0588, d_loss: 0.00000000, g_loss: 2.86623168
Epoch: [21] Step: [  82/ 125] time: 1547.8691, d_loss: 0.00000000, g_loss: 2.51295686
Epoch: [21] Step: [  83/ 125] time: 1554.7329, d_loss: 0.00000000, g_loss: 2.58788109
Epoch: [21] Step: [  84/ 125] time: 1561.6245, d_loss: 0.00000000, g_loss: 2.61373878
Epoch: [21] Step: [  85/ 125] time: 1568.5044, d_loss: 0.00000000, g_loss: 2.78457117
Epoch: [21] Step: [  86/ 125] time: 1575.3986, d_loss: 0.06077404, g_loss: 1.88436592
Epoch: [21] Step: [  87/ 125] time: 1582.5346, d_loss: 0.00000000, g_loss: 2.12406564
Epoch: [21] Step: [  88/ 125] time: 1589.5057, d_loss: 0.00389341, g_loss: 1.24277759
Epoch: [21] Step: [  89/ 125] time: 1596.4935, d_loss: 0.00000000, g_loss: 6.75862312
Epoch: [21] Step: [  90/ 125] time: 1603.2976, d_loss: 0.00000000, g_loss: 7.36618900
Epoch: [21] Step: [  91/ 125] time: 1610.1569, d_loss: 0.00000000, g_loss: 5.62916565
Epoch: [21] Step: [  92/ 125] time: 1617.4118, d_loss: 0.00000000, g_loss: 5.64987850
Epoch: [21] Step: [  93/ 125] time: 1624.2094, d_loss: 0.00000000, g_loss: 5.62666607
Epoch: [21] Step: [  94/ 125] time: 1631.3103, d_loss: 0.00000000, g_loss: 5.28826904
Epoch: [21] Step: [  95/ 125] time: 1638.2789, d_loss: 0.00000000, g_loss: 4.71636391
Epoch: [21] Step: [  96/ 125] time: 1645.6757, d_loss: 0.00000000, g_loss: 4.36753082
Epoch: [21] Step: [  97/ 125] time: 1652.7848, d_loss: 0.00000000, g_loss: 4.26040745
Epoch: [21] Step: [  98/ 125] time: 1659.5631, d_loss: 0.00000000, g_loss: 4.35063744
Epoch: [21] Step: [  99/ 125] time: 1667.3729, d_loss: 0.00000000, g_loss: 4.39449024
Epoch: [21] Step: [ 100/ 125] time: 1674.5787, d_loss: 0.00000000, g_loss: 3.73619318
Epoch: [21] Step: [ 101/ 125] time: 1681.5059, d_loss: 0.00000000, g_loss: 3.90603733
Epoch: [21] Step: [ 102/ 125] time: 1688.1823, d_loss: 0.00000000, g_loss: 3.71601391
Epoch: [21] Step: [ 103/ 125] time: 1695.1698, d_loss: 0.00000000, g_loss: 3.28075600
Epoch: [21] Step: [ 104/ 125] time: 1702.2374, d_loss: 0.00000000, g_loss: 3.37003088
Epoch: [21] Step: [ 105/ 125] time: 1709.2710, d_loss: 0.00000000, g_loss: 2.85367966
Epoch: [21] Step: [ 106/ 125] time: 1716.6383, d_loss: 4.24015427, g_loss: 2.84683585
Epoch: [21] Step: [ 107/ 125] time: 1724.6147, d_loss: 0.00000000, g_loss: 3.08118606
Epoch: [21] Step: [ 108/ 125] time: 1731.9664, d_loss: 0.00000000, g_loss: 2.92625809
Epoch: [21] Step: [ 109/ 125] time: 1738.9249, d_loss: 0.00000000, g_loss: 2.61630487
Epoch: [21] Step: [ 110/ 125] time: 1746.2113, d_loss: 0.00000000, g_loss: 2.72226286
Epoch: [21] Step: [ 111/ 125] time: 1753.6875, d_loss: 0.00000000, g_loss: 2.14124727
Epoch: [21] Step: [ 112/ 125] time: 1760.9456, d_loss: 0.00000000, g_loss: 2.50513935
Epoch: [21] Step: [ 113/ 125] time: 1767.7822, d_loss: 0.72934401, g_loss: 2.24013472
Epoch: [21] Step: [ 114/ 125] time: 1775.1589, d_loss: 0.00000000, g_loss: 0.17500846
Epoch: [21] Step: [ 115/ 125] time: 1782.8588, d_loss: 0.00000000, g_loss: 2.21571779
Epoch: [21] Step: [ 116/ 125] time: 1790.1294, d_loss: 0.00000000, g_loss: -1.25113916
Epoch: [21] Step: [ 117/ 125] time: 1797.1327, d_loss: 2.51919365, g_loss: 9.83990860
Epoch: [21] Step: [ 118/ 125] time: 1804.2743, d_loss: 4.89679527, g_loss: 9.25423336
Epoch: [21] Step: [ 119/ 125] time: 1811.6948, d_loss: 0.75293237, g_loss: 8.23620510
Epoch: [21] Step: [ 120/ 125] time: 1818.5469, d_loss: 0.00000000, g_loss: 7.55929089
Epoch: [21] Step: [ 121/ 125] time: 1826.1080, d_loss: 0.00000000, g_loss: 7.31128120
Epoch: [21] Step: [ 122/ 125] time: 1833.3176, d_loss: 0.00394024, g_loss: 5.74283934
Epoch: [21] Step: [ 123/ 125] time: 1840.4545, d_loss: 0.00000000, g_loss: 5.17012119
Epoch: [21] Step: [ 124/ 125] time: 1847.6698, d_loss: 0.00390742, g_loss: 4.89817333
Epoch: [22] Step: [   0/ 125] time: 1866.2006, d_loss: 0.00000000, g_loss: 4.74988270
Epoch: [22] Step: [   1/ 125] time: 1873.0429, d_loss: 0.00844008, g_loss: 4.18266487
Epoch: [22] Step: [   2/ 125] time: 1879.6123, d_loss: 0.00000000, g_loss: 3.89234924
Epoch: [22] Step: [   3/ 125] time: 1886.3571, d_loss: 0.00000000, g_loss: 3.80836868
Epoch: [22] Step: [   4/ 125] time: 1893.4763, d_loss: 0.03601718, g_loss: 3.44015074
Epoch: [22] Step: [   5/ 125] time: 1900.3343, d_loss: 0.00000000, g_loss: 3.02619338
Epoch: [22] Step: [   6/ 125] time: 1907.5886, d_loss: 13.50158501, g_loss: 2.41324377
Epoch: [22] Step: [   7/ 125] time: 1914.4057, d_loss: 0.73124027, g_loss: 0.55809653
Epoch: [22] Step: [   8/ 125] time: 1921.4963, d_loss: 0.00596437, g_loss: 1.72747731
Epoch: [22] Step: [   9/ 125] time: 1928.4445, d_loss: 0.00000000, g_loss: 7.07678461
Epoch: [22] Step: [  10/ 125] time: 1935.2035, d_loss: 0.00000000, g_loss: 6.40919971
Epoch: [22] Step: [  11/ 125] time: 1941.6414, d_loss: 0.00000000, g_loss: 6.50365734
Epoch: [22] Step: [  12/ 125] time: 1948.8715, d_loss: 0.00000000, g_loss: 6.09497118
Epoch: [22] Step: [  13/ 125] time: 1955.5823, d_loss: 0.00000000, g_loss: 5.66388798
Epoch: [22] Step: [  14/ 125] time: 1962.1965, d_loss: 0.00000000, g_loss: 5.06896496
Epoch: [22] Step: [  15/ 125] time: 1969.1421, d_loss: 0.00000000, g_loss: 2.56147051
Epoch: [22] Step: [  16/ 125] time: 1975.8965, d_loss: 0.00000000, g_loss: 3.42593360
Epoch: [22] Step: [  17/ 125] time: 1982.4934, d_loss: 0.00000000, g_loss: 6.27480173
Epoch: [22] Step: [  18/ 125] time: 1989.4130, d_loss: 0.00000000, g_loss: 6.75571012
Epoch: [22] Step: [  19/ 125] time: 1996.0862, d_loss: 0.00000000, g_loss: 6.44494438
Epoch: [22] Step: [  20/ 125] time: 2002.5619, d_loss: 0.00000000, g_loss: 6.34868908
Epoch: [22] Step: [  21/ 125] time: 2009.7050, d_loss: 0.00000000, g_loss: 6.10464144
Epoch: [22] Step: [  22/ 125] time: 2016.5539, d_loss: 0.00000000, g_loss: 6.12221241
Epoch: [22] Step: [  23/ 125] time: 2023.6403, d_loss: 0.00000000, g_loss: 5.83901501
Epoch: [22] Step: [  24/ 125] time: 2030.3347, d_loss: 0.00000000, g_loss: 5.56901169
Epoch: [22] Step: [  25/ 125] time: 2037.2684, d_loss: 0.00000000, g_loss: 5.51015282
Epoch: [22] Step: [  26/ 125] time: 2043.9379, d_loss: 0.00000000, g_loss: 5.18156052
Epoch: [22] Step: [  27/ 125] time: 2051.3787, d_loss: 0.00000000, g_loss: 5.22841358
Epoch: [22] Step: [  28/ 125] time: 2058.1046, d_loss: 0.00000000, g_loss: 5.21252823
Epoch: [22] Step: [  29/ 125] time: 2065.4031, d_loss: 0.00000000, g_loss: 5.30210543
Epoch: [22] Step: [  30/ 125] time: 2071.8576, d_loss: 0.00000000, g_loss: 4.90955544
Epoch: [22] Step: [  31/ 125] time: 2078.3722, d_loss: 0.00000000, g_loss: 4.92186880
Epoch: [22] Step: [  32/ 125] time: 2085.1192, d_loss: 0.00000000, g_loss: 4.90756798
Epoch: [22] Step: [  33/ 125] time: 2092.3593, d_loss: 0.00000000, g_loss: 4.67969608
Epoch: [22] Step: [  34/ 125] time: 2099.1559, d_loss: 0.00000000, g_loss: 4.78711987
Epoch: [22] Step: [  35/ 125] time: 2106.3995, d_loss: 0.00000000, g_loss: 4.34827709
Epoch: [22] Step: [  36/ 125] time: 2113.3377, d_loss: 0.00000000, g_loss: 4.43440008
Epoch: [22] Step: [  37/ 125] time: 2120.3466, d_loss: 0.00000000, g_loss: 4.21292686
Epoch: [22] Step: [  38/ 125] time: 2126.9175, d_loss: 0.00000000, g_loss: 4.18451834
Epoch: [22] Step: [  39/ 125] time: 2133.8933, d_loss: 0.00000000, g_loss: 3.98002529
Epoch: [22] Step: [  40/ 125] time: 2140.5576, d_loss: 0.00000000, g_loss: 3.81072950
Epoch: [22] Step: [  41/ 125] time: 2147.8995, d_loss: 0.00000000, g_loss: 3.71227217
Epoch: [22] Step: [  42/ 125] time: 2154.6937, d_loss: 0.00000000, g_loss: 3.21948552
Epoch: [22] Step: [  43/ 125] time: 2161.5066, d_loss: 0.00000000, g_loss: 1.87908006
Epoch: [22] Step: [  44/ 125] time: 2168.6556, d_loss: 0.72180140, g_loss: 0.90524065
Epoch: [22] Step: [  45/ 125] time: 2175.5342, d_loss: 0.00000000, g_loss: 5.28263760
Epoch: [22] Step: [  46/ 125] time: 2181.9631, d_loss: 0.06494788, g_loss: 6.56952381
Epoch: [22] Step: [  47/ 125] time: 2188.7410, d_loss: 0.01518458, g_loss: 7.49871445
Epoch: [22] Step: [  48/ 125] time: 2195.8742, d_loss: 0.00000000, g_loss: 6.17547464
Epoch: [22] Step: [  49/ 125] time: 2202.7966, d_loss: 0.00000000, g_loss: 7.04086113
Epoch: [22] Step: [  50/ 125] time: 2209.5342, d_loss: 0.00000000, g_loss: 6.42383099
Epoch: [22] Step: [  51/ 125] time: 2216.3306, d_loss: 0.00000000, g_loss: 6.20408916
Epoch: [22] Step: [  52/ 125] time: 2223.0308, d_loss: 0.00000000, g_loss: 5.84750175
Epoch: [22] Step: [  53/ 125] time: 2229.7961, d_loss: 0.00000000, g_loss: 5.91174793
Epoch: [22] Step: [  54/ 125] time: 2236.8367, d_loss: 0.00000000, g_loss: 6.12149858
Epoch: [22] Step: [  55/ 125] time: 2243.7661, d_loss: 6.79080629, g_loss: 5.90395021
Epoch: [22] Step: [  56/ 125] time: 2251.1418, d_loss: 0.00000000, g_loss: 5.39303446
Epoch: [22] Step: [  57/ 125] time: 2258.2530, d_loss: 0.00000000, g_loss: 5.65702438
Epoch: [22] Step: [  58/ 125] time: 2265.3203, d_loss: 0.00000000, g_loss: 5.41212273
Epoch: [22] Step: [  59/ 125] time: 2272.5966, d_loss: 0.00000000, g_loss: 5.10857821
Epoch: [22] Step: [  60/ 125] time: 2279.5759, d_loss: 0.00000000, g_loss: 5.13346577
Epoch: [22] Step: [  61/ 125] time: 2286.4535, d_loss: 0.00000000, g_loss: 4.86437559
Epoch: [22] Step: [  62/ 125] time: 2293.3954, d_loss: 0.00000000, g_loss: 4.87724018
Epoch: [22] Step: [  63/ 125] time: 2300.3635, d_loss: 0.00000000, g_loss: 4.46184444
Epoch: [22] Step: [  64/ 125] time: 2307.9621, d_loss: 0.00000000, g_loss: 4.58569002
Epoch: [22] Step: [  65/ 125] time: 2314.8779, d_loss: 0.00000000, g_loss: 4.26345539
Epoch: [22] Step: [  66/ 125] time: 2321.6699, d_loss: 0.00000000, g_loss: 3.89130902
Epoch: [22] Step: [  67/ 125] time: 2328.6921, d_loss: 5.04010773, g_loss: 4.25026369
Epoch: [22] Step: [  68/ 125] time: 2335.3223, d_loss: 0.00000000, g_loss: 3.73471355
Epoch: [22] Step: [  69/ 125] time: 2342.1373, d_loss: 0.00000000, g_loss: 3.78229737
Epoch: [22] Step: [  70/ 125] time: 2349.0600, d_loss: 0.00000000, g_loss: 3.46090102
Epoch: [22] Step: [  71/ 125] time: 2356.2935, d_loss: 0.00227419, g_loss: 3.43046379
Epoch: [22] Step: [  72/ 125] time: 2362.8503, d_loss: 0.00078599, g_loss: 3.53598952
Epoch: [22] Step: [  73/ 125] time: 2370.1420, d_loss: 0.00000000, g_loss: 2.73350048
Epoch: [22] Step: [  74/ 125] time: 2376.8747, d_loss: 0.00000000, g_loss: 2.68886471
Epoch: [22] Step: [  75/ 125] time: 2384.1589, d_loss: 0.04769979, g_loss: 2.66113043
Epoch: [22] Step: [  76/ 125] time: 2391.3062, d_loss: 0.05886395, g_loss: 2.85924649
Epoch: [22] Step: [  77/ 125] time: 2398.4398, d_loss: 0.00000000, g_loss: 8.34192848
Epoch: [22] Step: [  78/ 125] time: 2405.6625, d_loss: 0.00000000, g_loss: 8.05674362
Epoch: [22] Step: [  79/ 125] time: 2412.9710, d_loss: 0.00000000, g_loss: 6.72296429
Epoch: [22] Step: [  80/ 125] time: 2420.4073, d_loss: 0.00000000, g_loss: 7.70872593
Epoch: [22] Step: [  81/ 125] time: 2427.7581, d_loss: 0.00000000, g_loss: 6.62494469
Epoch: [22] Step: [  82/ 125] time: 2434.5546, d_loss: 0.00000000, g_loss: 6.71963644
Epoch: [22] Step: [  83/ 125] time: 2441.2863, d_loss: 0.00000000, g_loss: 5.58385468
Epoch: [22] Step: [  84/ 125] time: 2448.2188, d_loss: 0.00000000, g_loss: 6.18861771
Epoch: [22] Step: [  85/ 125] time: 2455.3077, d_loss: 0.00000000, g_loss: 5.75800133
Epoch: [22] Step: [  86/ 125] time: 2462.6254, d_loss: 0.00000000, g_loss: 5.35692406
Epoch: [22] Step: [  87/ 125] time: 2470.2081, d_loss: 0.00000000, g_loss: 5.46169376
Epoch: [22] Step: [  88/ 125] time: 2477.1214, d_loss: 0.00000000, g_loss: 5.75769711
Epoch: [22] Step: [  89/ 125] time: 2483.8620, d_loss: 0.00000000, g_loss: 5.35417557
Epoch: [22] Step: [  90/ 125] time: 2491.4490, d_loss: 0.00000000, g_loss: 5.26772738
Epoch: [22] Step: [  91/ 125] time: 2498.7107, d_loss: 0.00000000, g_loss: 5.14080334
Epoch: [22] Step: [  92/ 125] time: 2505.6248, d_loss: 0.00000000, g_loss: 5.29755020
Epoch: [22] Step: [  93/ 125] time: 2512.7536, d_loss: 0.00000000, g_loss: 4.75660467
Epoch: [22] Step: [  94/ 125] time: 2519.6503, d_loss: 0.00000000, g_loss: 4.88734388
Epoch: [22] Step: [  95/ 125] time: 2526.8943, d_loss: 0.00000000, g_loss: 4.99295855
Epoch: [22] Step: [  96/ 125] time: 2534.1148, d_loss: 0.00000000, g_loss: 4.35425520
Epoch: [22] Step: [  97/ 125] time: 2541.3028, d_loss: 0.00000000, g_loss: 4.95481396
Epoch: [22] Step: [  98/ 125] time: 2548.9787, d_loss: 0.00000000, g_loss: 4.81427479
Epoch: [22] Step: [  99/ 125] time: 2556.0441, d_loss: 0.00000000, g_loss: 4.39200640
Epoch: [22] Step: [ 100/ 125] time: 2563.1424, d_loss: 0.00000000, g_loss: 4.60379410
Epoch: [22] Step: [ 101/ 125] time: 2570.9551, d_loss: 0.00000000, g_loss: 4.44926643
Epoch: [22] Step: [ 102/ 125] time: 2577.9303, d_loss: 0.00000000, g_loss: 4.43282318
Epoch: [22] Step: [ 103/ 125] time: 2585.2060, d_loss: 0.00000000, g_loss: 4.25925827
Epoch: [22] Step: [ 104/ 125] time: 2592.3248, d_loss: 0.00000000, g_loss: 3.86948705
Epoch: [22] Step: [ 105/ 125] time: 2599.8155, d_loss: 0.00000000, g_loss: 4.18376446
Epoch: [22] Step: [ 106/ 125] time: 2607.1791, d_loss: 0.00000000, g_loss: 4.30539179
Epoch: [22] Step: [ 107/ 125] time: 2614.4565, d_loss: 0.00000000, g_loss: 4.23563480
Epoch: [22] Step: [ 108/ 125] time: 2621.8456, d_loss: 0.00000000, g_loss: 4.02078772
Epoch: [22] Step: [ 109/ 125] time: 2629.1452, d_loss: 0.00000000, g_loss: 3.99969292
Epoch: [22] Step: [ 110/ 125] time: 2636.8149, d_loss: 0.00000000, g_loss: 3.52485991
Epoch: [22] Step: [ 111/ 125] time: 2643.6486, d_loss: 0.00000000, g_loss: 3.79171062
Epoch: [22] Step: [ 112/ 125] time: 2651.0136, d_loss: 0.00000000, g_loss: 3.73751450
Epoch: [22] Step: [ 113/ 125] time: 2658.5691, d_loss: 0.00000000, g_loss: 3.70528841
Epoch: [22] Step: [ 114/ 125] time: 2665.7222, d_loss: 0.00000000, g_loss: 3.71406651
Epoch: [22] Step: [ 115/ 125] time: 2673.9662, d_loss: 0.00000000, g_loss: 3.18551636
Epoch: [22] Step: [ 116/ 125] time: 2680.8479, d_loss: 0.00000000, g_loss: 2.86988115
Epoch: [22] Step: [ 117/ 125] time: 2688.3008, d_loss: 0.00000000, g_loss: 2.34395432
Epoch: [22] Step: [ 118/ 125] time: 2695.4389, d_loss: 0.00067198, g_loss: -0.06511658
Epoch: [22] Step: [ 119/ 125] time: 2703.2676, d_loss: 0.00000000, g_loss: 1.36297560
Epoch: [22] Step: [ 120/ 125] time: 2710.4868, d_loss: 0.00000000, g_loss: 5.21726894
Epoch: [22] Step: [ 121/ 125] time: 2717.4983, d_loss: 0.00000000, g_loss: 7.97370911
Epoch: [22] Step: [ 122/ 125] time: 2724.3976, d_loss: 0.00000000, g_loss: 7.06299734
Epoch: [22] Step: [ 123/ 125] time: 2731.7434, d_loss: 0.00000000, g_loss: 5.96896267
Epoch: [22] Step: [ 124/ 125] time: 2738.7176, d_loss: 0.00000000, g_loss: 5.98430729
Epoch: [23] Step: [   0/ 125] time: 2756.5306, d_loss: 0.00000000, g_loss: 5.40647125
Epoch: [23] Step: [   1/ 125] time: 2763.4332, d_loss: 0.00000000, g_loss: 5.20073223
Epoch: [23] Step: [   2/ 125] time: 2770.4048, d_loss: 0.00000000, g_loss: 5.47942495
Epoch: [23] Step: [   3/ 125] time: 2777.5224, d_loss: 0.00000000, g_loss: 5.17653179
Epoch: [23] Step: [   4/ 125] time: 2784.1755, d_loss: 0.00000000, g_loss: 5.37823963
Epoch: [23] Step: [   5/ 125] time: 2791.4186, d_loss: 0.00000000, g_loss: 5.06211901
Epoch: [23] Step: [   6/ 125] time: 2798.4481, d_loss: 0.00000000, g_loss: 4.88611937
Epoch: [23] Step: [   7/ 125] time: 2805.1135, d_loss: 0.00000000, g_loss: 5.35518932
Epoch: [23] Step: [   8/ 125] time: 2812.3954, d_loss: 0.00000000, g_loss: 4.99202871
Epoch: [23] Step: [   9/ 125] time: 2819.9579, d_loss: 0.00000000, g_loss: 5.12935925
Epoch: [23] Step: [  10/ 125] time: 2826.7196, d_loss: 0.00000000, g_loss: 4.49548721
Epoch: [23] Step: [  11/ 125] time: 2833.3348, d_loss: 0.00000000, g_loss: 5.01421976
Epoch: [23] Step: [  12/ 125] time: 2840.1064, d_loss: 0.00000000, g_loss: 4.65754700
Epoch: [23] Step: [  13/ 125] time: 2846.8531, d_loss: 0.00000000, g_loss: 4.42696095
Epoch: [23] Step: [  14/ 125] time: 2853.4170, d_loss: 0.00000000, g_loss: 4.24042606
Epoch: [23] Step: [  15/ 125] time: 2859.9895, d_loss: 0.00000000, g_loss: 4.43522072
Epoch: [23] Step: [  16/ 125] time: 2867.1209, d_loss: 0.00000000, g_loss: 4.85833931
Epoch: [23] Step: [  17/ 125] time: 2873.8845, d_loss: 0.00000000, g_loss: 4.38852596
Epoch: [23] Step: [  18/ 125] time: 2880.7007, d_loss: 0.00000000, g_loss: 4.15138245
Epoch: [23] Step: [  19/ 125] time: 2887.5984, d_loss: 5.25110579, g_loss: 4.63516903
Epoch: [23] Step: [  20/ 125] time: 2894.6321, d_loss: 0.00000000, g_loss: 4.09464121
Epoch: [23] Step: [  21/ 125] time: 2901.5160, d_loss: 0.00000000, g_loss: 4.41418362
Epoch: [23] Step: [  22/ 125] time: 2908.3815, d_loss: 5.90447235, g_loss: 4.29703522
Epoch: [23] Step: [  23/ 125] time: 2915.2871, d_loss: 0.00000000, g_loss: 4.31193066
Epoch: [23] Step: [  24/ 125] time: 2922.3315, d_loss: 0.00000000, g_loss: 4.26514721
Epoch: [23] Step: [  25/ 125] time: 2929.2649, d_loss: 0.00000000, g_loss: 3.91232133
Epoch: [23] Step: [  26/ 125] time: 2935.6604, d_loss: 0.00000000, g_loss: 3.75150442
Epoch: [23] Step: [  27/ 125] time: 2942.6262, d_loss: 0.00000000, g_loss: 4.02221870
Epoch: [23] Step: [  28/ 125] time: 2949.4598, d_loss: 0.00000000, g_loss: 4.02128124
Epoch: [23] Step: [  29/ 125] time: 2956.3323, d_loss: 0.00000000, g_loss: 4.19369078
Epoch: [23] Step: [  30/ 125] time: 2963.0703, d_loss: 0.00000000, g_loss: 4.04779816
Epoch: [23] Step: [  31/ 125] time: 2969.9027, d_loss: 0.00000000, g_loss: 4.09150314
Epoch: [23] Step: [  32/ 125] time: 2976.8040, d_loss: 0.00000000, g_loss: 3.94740772
Epoch: [23] Step: [  33/ 125] time: 2983.2813, d_loss: 0.00000000, g_loss: 4.12841511
Epoch: [23] Step: [  34/ 125] time: 2990.3544, d_loss: 0.00000000, g_loss: 3.96408796
Epoch: [23] Step: [  35/ 125] time: 2997.4744, d_loss: 0.00000000, g_loss: 3.82781482
Epoch: [23] Step: [  36/ 125] time: 3004.4978, d_loss: 0.00000000, g_loss: 3.87924623
Epoch: [23] Step: [  37/ 125] time: 3011.3854, d_loss: 0.00000000, g_loss: 3.72028255
Epoch: [23] Step: [  38/ 125] time: 3018.2729, d_loss: 0.00000000, g_loss: 4.06597996
Epoch: [23] Step: [  39/ 125] time: 3025.3799, d_loss: 0.00000000, g_loss: 3.95624352
Epoch: [23] Step: [  40/ 125] time: 3032.0906, d_loss: 0.00000000, g_loss: 3.61858797
Epoch: [23] Step: [  41/ 125] time: 3038.7173, d_loss: 0.00000000, g_loss: 3.73461628
Epoch: [23] Step: [  42/ 125] time: 3045.5115, d_loss: 0.00000000, g_loss: 3.86575580
Epoch: [23] Step: [  43/ 125] time: 3052.2686, d_loss: 0.00000000, g_loss: 3.73583531
Epoch: [23] Step: [  44/ 125] time: 3058.8602, d_loss: 0.00000000, g_loss: 3.80367756
Epoch: [23] Step: [  45/ 125] time: 3066.1040, d_loss: 0.00000000, g_loss: 3.42437363
Epoch: [23] Step: [  46/ 125] time: 3073.0385, d_loss: 0.00000000, g_loss: 3.54659176
Epoch: [23] Step: [  47/ 125] time: 3079.9077, d_loss: 0.00000000, g_loss: 3.58154392
Epoch: [23] Step: [  48/ 125] time: 3087.7372, d_loss: 0.00000000, g_loss: 3.62285471
Epoch: [23] Step: [  49/ 125] time: 3094.6655, d_loss: 0.00000000, g_loss: 3.35431576
Epoch: [23] Step: [  50/ 125] time: 3101.4404, d_loss: 0.00000000, g_loss: 3.43744922
Epoch: [23] Step: [  51/ 125] time: 3108.3234, d_loss: 0.00000000, g_loss: 3.65023828
Epoch: [23] Step: [  52/ 125] time: 3115.2226, d_loss: 0.00000000, g_loss: 3.47957158
Epoch: [23] Step: [  53/ 125] time: 3122.5200, d_loss: 0.00000000, g_loss: 3.39514518
Epoch: [23] Step: [  54/ 125] time: 3129.5508, d_loss: 0.00000000, g_loss: 3.46972775
Epoch: [23] Step: [  55/ 125] time: 3136.7190, d_loss: 0.00000000, g_loss: 3.45092392
Epoch: [23] Step: [  56/ 125] time: 3143.5046, d_loss: 0.00000000, g_loss: 3.47677588
Epoch: [23] Step: [  57/ 125] time: 3150.5082, d_loss: 0.00000000, g_loss: 3.40782356
Epoch: [23] Step: [  58/ 125] time: 3157.4989, d_loss: 0.00000000, g_loss: 3.45827889
Epoch: [23] Step: [  59/ 125] time: 3163.7622, d_loss: 0.00000000, g_loss: 3.34257746
Epoch: [23] Step: [  60/ 125] time: 3171.1906, d_loss: 5.95152950, g_loss: -2.64175844
Epoch: [23] Step: [  61/ 125] time: 3177.9628, d_loss: 6.17030048, g_loss: -1.76012993
Epoch: [23] Step: [  62/ 125] time: 3184.6866, d_loss: 4.05146074, g_loss: 1.40297556
Epoch: [23] Step: [  63/ 125] time: 3191.6566, d_loss: 2.88771081, g_loss: 2.29936409
Epoch: [23] Step: [  64/ 125] time: 3198.9378, d_loss: 1.59805655, g_loss: 1.79402697
Epoch: [23] Step: [  65/ 125] time: 3205.6661, d_loss: 1.28634787, g_loss: 0.77526176
Epoch: [23] Step: [  66/ 125] time: 3212.8126, d_loss: 0.48978615, g_loss: 1.02655125
Epoch: [23] Step: [  67/ 125] time: 3219.9146, d_loss: 0.13102521, g_loss: 1.69515133
Epoch: [23] Step: [  68/ 125] time: 3226.7712, d_loss: 0.13956469, g_loss: 1.74048305
Epoch: [23] Step: [  69/ 125] time: 3234.0653, d_loss: 0.10698991, g_loss: 1.57297516
Epoch: [23] Step: [  70/ 125] time: 3241.4325, d_loss: 0.51388103, g_loss: 1.03630686
Epoch: [23] Step: [  71/ 125] time: 3248.2250, d_loss: 0.24565105, g_loss: 1.11562371
Epoch: [23] Step: [  72/ 125] time: 3255.8118, d_loss: 0.29852697, g_loss: 1.17607093
Epoch: [23] Step: [  73/ 125] time: 3262.9415, d_loss: 0.15632688, g_loss: 1.36839879
Epoch: [23] Step: [  74/ 125] time: 3269.6308, d_loss: 0.09608139, g_loss: 1.54211903
Epoch: [23] Step: [  75/ 125] time: 3276.6664, d_loss: 0.24668469, g_loss: 1.30562735
Epoch: [23] Step: [  76/ 125] time: 3283.8237, d_loss: 0.20966786, g_loss: 1.20630360
Epoch: [23] Step: [  77/ 125] time: 3291.0532, d_loss: 0.06908360, g_loss: 1.38711262
Epoch: [23] Step: [  78/ 125] time: 3298.1230, d_loss: 0.08535323, g_loss: 1.60311031
Epoch: [23] Step: [  79/ 125] time: 3304.8810, d_loss: 0.07362466, g_loss: 1.45203710
Epoch: [23] Step: [  80/ 125] time: 3311.9141, d_loss: 0.00336850, g_loss: 1.53512359
Epoch: [23] Step: [  81/ 125] time: 3319.3557, d_loss: 0.04492786, g_loss: 1.42085028
Epoch: [23] Step: [  82/ 125] time: 3326.5875, d_loss: 0.14139101, g_loss: 1.34883666
Epoch: [23] Step: [  83/ 125] time: 3333.6600, d_loss: 0.12136105, g_loss: 1.37525403
Epoch: [23] Step: [  84/ 125] time: 3341.1269, d_loss: 0.08033326, g_loss: 1.26563692
Epoch: [23] Step: [  85/ 125] time: 3347.9676, d_loss: 0.05754949, g_loss: 1.13930154
Epoch: [23] Step: [  86/ 125] time: 3355.3710, d_loss: 0.07281108, g_loss: 1.43741393
Epoch: [23] Step: [  87/ 125] time: 3362.4557, d_loss: 0.15160359, g_loss: 1.52479088
Epoch: [23] Step: [  88/ 125] time: 3369.5862, d_loss: 0.01330442, g_loss: 1.72189569
Epoch: [23] Step: [  89/ 125] time: 3376.4989, d_loss: 0.13673986, g_loss: 1.74370551
Epoch: [23] Step: [  90/ 125] time: 3383.2848, d_loss: 0.05191745, g_loss: 1.70227230
Epoch: [23] Step: [  91/ 125] time: 3390.7771, d_loss: 0.05087890, g_loss: 1.81133366
Epoch: [23] Step: [  92/ 125] time: 3397.7966, d_loss: 0.00655961, g_loss: 2.14604592
Epoch: [23] Step: [  93/ 125] time: 3404.9627, d_loss: 0.01175380, g_loss: 2.14904785
Epoch: [23] Step: [  94/ 125] time: 3411.9873, d_loss: 0.01207029, g_loss: 2.08333230
Epoch: [23] Step: [  95/ 125] time: 3418.7172, d_loss: 0.00205343, g_loss: 2.04757619
Epoch: [23] Step: [  96/ 125] time: 3425.5130, d_loss: 0.01715449, g_loss: 1.85809457
Epoch: [23] Step: [  97/ 125] time: 3432.5972, d_loss: 0.00795622, g_loss: 1.77920198
Epoch: [23] Step: [  98/ 125] time: 3439.7921, d_loss: 0.04467461, g_loss: 1.65668094
Epoch: [23] Step: [  99/ 125] time: 3446.6091, d_loss: 0.00871658, g_loss: 1.81533861
Epoch: [23] Step: [ 100/ 125] time: 3453.5815, d_loss: 0.00906599, g_loss: 1.76478136
Epoch: [23] Step: [ 101/ 125] time: 3460.6712, d_loss: 0.01896050, g_loss: 1.51071489
Epoch: [23] Step: [ 102/ 125] time: 3467.8944, d_loss: 0.01630378, g_loss: 1.77272725
Epoch: [23] Step: [ 103/ 125] time: 3474.5651, d_loss: 0.02014460, g_loss: 1.93032146
Epoch: [23] Step: [ 104/ 125] time: 3481.5809, d_loss: 0.01336096, g_loss: 1.82451534
Epoch: [23] Step: [ 105/ 125] time: 3488.4693, d_loss: 0.02602094, g_loss: 1.80718136
Epoch: [23] Step: [ 106/ 125] time: 3495.4778, d_loss: 0.04977664, g_loss: 1.51565027
Epoch: [23] Step: [ 107/ 125] time: 3502.6501, d_loss: 0.01025929, g_loss: 1.53854430
Epoch: [23] Step: [ 108/ 125] time: 3509.8508, d_loss: 0.00000000, g_loss: 1.82814646
Epoch: [23] Step: [ 109/ 125] time: 3517.3734, d_loss: 0.00439112, g_loss: 1.74808264
Epoch: [23] Step: [ 110/ 125] time: 3524.3985, d_loss: 0.00000000, g_loss: 1.92840600
Epoch: [23] Step: [ 111/ 125] time: 3531.8412, d_loss: 0.00000000, g_loss: 1.78487682
Epoch: [23] Step: [ 112/ 125] time: 3539.7829, d_loss: 0.00000000, g_loss: 1.94373357
Epoch: [23] Step: [ 113/ 125] time: 3547.0821, d_loss: 0.00214031, g_loss: 1.77731013
Epoch: [23] Step: [ 114/ 125] time: 3554.0315, d_loss: 0.00017562, g_loss: 1.71850348
Epoch: [23] Step: [ 115/ 125] time: 3561.3819, d_loss: 0.00252009, g_loss: 1.76139808
Epoch: [23] Step: [ 116/ 125] time: 3568.9793, d_loss: 0.02909327, g_loss: 1.69101059
Epoch: [23] Step: [ 117/ 125] time: 3576.2215, d_loss: 0.00340194, g_loss: 1.84468079
Epoch: [23] Step: [ 118/ 125] time: 3583.3660, d_loss: 0.00000000, g_loss: 1.89616227
Epoch: [23] Step: [ 119/ 125] time: 3590.3592, d_loss: 0.00000000, g_loss: 1.86098981
Epoch: [23] Step: [ 120/ 125] time: 3597.5631, d_loss: 0.00044442, g_loss: 1.78461790
Epoch: [23] Step: [ 121/ 125] time: 3605.3318, d_loss: 0.00000000, g_loss: 1.98995340
Epoch: [23] Step: [ 122/ 125] time: 3612.5204, d_loss: 0.00000000, g_loss: 2.05963850
Epoch: [23] Step: [ 123/ 125] time: 3619.4799, d_loss: 0.00000000, g_loss: 2.03516674
Epoch: [23] Step: [ 124/ 125] time: 3626.4043, d_loss: 0.00000000, g_loss: 1.95109725
Epoch: [24] Step: [   0/ 125] time: 3644.5314, d_loss: 0.00000000, g_loss: 1.80917382
Epoch: [24] Step: [   1/ 125] time: 3651.9765, d_loss: 0.00000000, g_loss: 1.73570991
Epoch: [24] Step: [   2/ 125] time: 3658.9735, d_loss: 0.01711164, g_loss: 1.59194922
Epoch: [24] Step: [   3/ 125] time: 3665.9171, d_loss: 0.00971765, g_loss: 1.55668449
Epoch: [24] Step: [   4/ 125] time: 3672.9114, d_loss: 0.00000000, g_loss: 1.78611815
Epoch: [24] Step: [   5/ 125] time: 3679.6328, d_loss: 0.00000000, g_loss: 1.79220176
Epoch: [24] Step: [   6/ 125] time: 3687.0711, d_loss: 0.00000000, g_loss: 1.96314716
Epoch: [24] Step: [   7/ 125] time: 3694.5195, d_loss: 0.00000000, g_loss: 2.00855541
Epoch: [24] Step: [   8/ 125] time: 3701.1757, d_loss: 0.00000000, g_loss: 2.01807499
Epoch: [24] Step: [   9/ 125] time: 3708.2335, d_loss: 0.00000000, g_loss: 1.94651580
Epoch: [24] Step: [  10/ 125] time: 3715.3671, d_loss: 0.00000000, g_loss: 1.79843879
Epoch: [24] Step: [  11/ 125] time: 3722.0379, d_loss: 0.00000000, g_loss: 1.86490512
Epoch: [24] Step: [  12/ 125] time: 3729.0031, d_loss: 0.00120397, g_loss: 1.59069359
Epoch: [24] Step: [  13/ 125] time: 3736.1483, d_loss: 0.00000000, g_loss: 1.79504371
Epoch: [24] Step: [  14/ 125] time: 3742.8224, d_loss: 0.00000000, g_loss: 1.62987137
Epoch: [24] Step: [  15/ 125] time: 3749.4518, d_loss: 0.00056894, g_loss: 1.52332985
Epoch: [24] Step: [  16/ 125] time: 3756.3357, d_loss: 0.00030334, g_loss: 1.82228494
Epoch: [24] Step: [  17/ 125] time: 3763.0802, d_loss: 0.00000000, g_loss: 1.78883076
Epoch: [24] Step: [  18/ 125] time: 3770.0867, d_loss: 0.00000000, g_loss: 1.62844229
Epoch: [24] Step: [  19/ 125] time: 3776.7909, d_loss: 0.00085378, g_loss: 1.45615160
Epoch: [24] Step: [  20/ 125] time: 3783.6037, d_loss: 0.00000000, g_loss: 1.66836405
Epoch: [24] Step: [  21/ 125] time: 3790.2206, d_loss: 0.00000000, g_loss: 1.62688661
Epoch: [24] Step: [  22/ 125] time: 3797.0791, d_loss: 0.00227441, g_loss: 1.34983420
Epoch: [24] Step: [  23/ 125] time: 3803.8011, d_loss: 0.00000000, g_loss: 1.54422522
Epoch: [24] Step: [  24/ 125] time: 3810.3688, d_loss: 0.00000000, g_loss: 1.57305562
Epoch: [24] Step: [  25/ 125] time: 3817.5083, d_loss: 0.00205381, g_loss: 1.36907506
Epoch: [24] Step: [  26/ 125] time: 3824.4116, d_loss: 0.04783802, g_loss: 0.98977518
Epoch: [24] Step: [  27/ 125] time: 3831.1066, d_loss: 0.00000000, g_loss: 2.86621380
Epoch: [24] Step: [  28/ 125] time: 3837.9610, d_loss: 0.00000000, g_loss: 2.58919168
Epoch: [24] Step: [  29/ 125] time: 3845.1081, d_loss: 0.01820875, g_loss: 1.41555429
Epoch: [24] Step: [  30/ 125] time: 3852.1442, d_loss: 0.25409919, g_loss: 0.83002353
Epoch: [24] Step: [  31/ 125] time: 3859.1518, d_loss: 0.24266684, g_loss: 2.66396618
Epoch: [24] Step: [  32/ 125] time: 3865.7358, d_loss: 0.01749995, g_loss: 3.21426773
Epoch: [24] Step: [  33/ 125] time: 3872.4866, d_loss: 0.01297338, g_loss: 1.66297555
Epoch: [24] Step: [  34/ 125] time: 3879.3330, d_loss: 0.00662494, g_loss: 3.46163321
Epoch: [24] Step: [  35/ 125] time: 3885.9500, d_loss: 0.00000000, g_loss: 3.08395958
Epoch: [24] Step: [  36/ 125] time: 3893.1094, d_loss: 0.00000000, g_loss: 2.86991739
Epoch: [24] Step: [  37/ 125] time: 3900.1819, d_loss: 0.00000000, g_loss: 2.40652132
Epoch: [24] Step: [  38/ 125] time: 3907.1108, d_loss: 0.15926911, g_loss: 0.79796147
Epoch: [24] Step: [  39/ 125] time: 3914.1810, d_loss: 0.00005183, g_loss: 2.20195699
Epoch: [24] Step: [  40/ 125] time: 3921.2559, d_loss: 0.02310374, g_loss: 2.26333761
Epoch: [24] Step: [  41/ 125] time: 3928.8861, d_loss: 0.16944522, g_loss: 0.77021635
Epoch: [24] Step: [  42/ 125] time: 3935.9205, d_loss: 0.04899933, g_loss: 2.44654608
Epoch: [24] Step: [  43/ 125] time: 3942.8567, d_loss: 1.38138294, g_loss: 3.83813882
Epoch: [24] Step: [  44/ 125] time: 3949.8867, d_loss: 0.08961657, g_loss: 3.67568636
Epoch: [24] Step: [  45/ 125] time: 3957.3131, d_loss: 0.00000000, g_loss: 2.90140724
Epoch: [24] Step: [  46/ 125] time: 3963.9223, d_loss: 0.00120429, g_loss: 2.71782160
Epoch: [24] Step: [  47/ 125] time: 3970.8022, d_loss: 0.00000000, g_loss: 2.55914545
Epoch: [24] Step: [  48/ 125] time: 3977.7945, d_loss: 0.00931396, g_loss: 2.27524042
Epoch: [24] Step: [  49/ 125] time: 3984.4349, d_loss: 0.00357480, g_loss: 2.14459062
Epoch: [24] Step: [  50/ 125] time: 3991.0191, d_loss: 0.00804439, g_loss: 2.11607480
Epoch: [24] Step: [  51/ 125] time: 3998.0266, d_loss: 0.41228715, g_loss: 0.94157737
Epoch: [24] Step: [  52/ 125] time: 4005.2526, d_loss: 0.38290113, g_loss: 0.90327287
Epoch: [24] Step: [  53/ 125] time: 4012.5501, d_loss: 0.11568990, g_loss: 1.27326369
Epoch: [24] Step: [  54/ 125] time: 4019.9872, d_loss: 0.10025050, g_loss: 1.16837156
Epoch: [24] Step: [  55/ 125] time: 4027.3989, d_loss: 0.01275454, g_loss: 1.14126801
Epoch: [24] Step: [  56/ 125] time: 4034.4931, d_loss: 0.00245009, g_loss: 1.16485357
Epoch: [24] Step: [  57/ 125] time: 4041.8082, d_loss: 0.00816829, g_loss: 1.19936728
Epoch: [24] Step: [  58/ 125] time: 4048.6901, d_loss: 0.00127164, g_loss: 1.20158863
Epoch: [24] Step: [  59/ 125] time: 4055.5218, d_loss: 0.02258517, g_loss: 1.05999970
Epoch: [24] Step: [  60/ 125] time: 4062.2183, d_loss: 0.02023055, g_loss: 1.13254154
Epoch: [24] Step: [  61/ 125] time: 4069.7585, d_loss: 0.02859768, g_loss: 1.23760009
Epoch: [24] Step: [  62/ 125] time: 4076.6177, d_loss: 0.00722466, g_loss: 1.22196364
Epoch: [24] Step: [  63/ 125] time: 4083.5452, d_loss: 0.00817026, g_loss: 1.14220881
Epoch: [24] Step: [  64/ 125] time: 4091.8930, d_loss: 0.00606067, g_loss: 1.25228751
Epoch: [24] Step: [  65/ 125] time: 4098.9781, d_loss: 0.24520543, g_loss: 0.53465033
Epoch: [24] Step: [  66/ 125] time: 4106.0574, d_loss: 0.07148552, g_loss: 1.27503490
Epoch: [24] Step: [  67/ 125] time: 4113.0372, d_loss: 0.63843668, g_loss: 0.06732149
Epoch: [24] Step: [  68/ 125] time: 4120.2924, d_loss: 0.36818409, g_loss: 0.92704427
Epoch: [24] Step: [  69/ 125] time: 4127.7949, d_loss: 0.34277394, g_loss: 1.10575664
Epoch: [24] Step: [  70/ 125] time: 4134.5575, d_loss: 0.25758871, g_loss: 1.35242844
Epoch: [24] Step: [  71/ 125] time: 4142.2310, d_loss: 0.11058530, g_loss: 3.12414312
Epoch: [24] Step: [  72/ 125] time: 4149.1764, d_loss: 0.50060904, g_loss: 0.50002307
Epoch: [24] Step: [  73/ 125] time: 4156.0664, d_loss: 0.17693505, g_loss: 5.65575743
Epoch: [24] Step: [  74/ 125] time: 4163.1917, d_loss: 0.10825966, g_loss: 4.62619019
Epoch: [24] Step: [  75/ 125] time: 4170.2406, d_loss: 3.19543433, g_loss: 3.19312954
Epoch: [24] Step: [  76/ 125] time: 4177.3026, d_loss: 0.05778803, g_loss: 2.74852085
Epoch: [24] Step: [  77/ 125] time: 4184.3032, d_loss: 0.21483149, g_loss: 1.85625207
Epoch: [24] Step: [  78/ 125] time: 4191.3734, d_loss: 0.00047347, g_loss: 2.82213855
Epoch: [24] Step: [  79/ 125] time: 4198.5030, d_loss: 0.00073607, g_loss: 3.51811457
Epoch: [24] Step: [  80/ 125] time: 4205.5105, d_loss: 0.00010903, g_loss: 3.40735579
Epoch: [24] Step: [  81/ 125] time: 4212.5238, d_loss: 0.04047805, g_loss: 1.75821936
Epoch: [24] Step: [  82/ 125] time: 4219.9210, d_loss: 0.01302534, g_loss: 3.77870560
Epoch: [24] Step: [  83/ 125] time: 4227.3032, d_loss: 0.00000000, g_loss: 3.22677231
Epoch: [24] Step: [  84/ 125] time: 4234.3891, d_loss: 0.00000000, g_loss: 2.64545965
Epoch: [24] Step: [  85/ 125] time: 4241.1975, d_loss: 0.00067509, g_loss: 1.39501536
Epoch: [24] Step: [  86/ 125] time: 4248.0436, d_loss: 0.00000000, g_loss: 2.44684982
Epoch: [24] Step: [  87/ 125] time: 4255.4096, d_loss: 0.01582590, g_loss: 1.25240326
Epoch: [24] Step: [  88/ 125] time: 4263.0474, d_loss: 0.00000000, g_loss: 2.36936736
Epoch: [24] Step: [  89/ 125] time: 4269.8281, d_loss: 0.00000000, g_loss: 4.49322748
Epoch: [24] Step: [  90/ 125] time: 4276.7720, d_loss: 0.00000000, g_loss: 4.24742746
Epoch: [24] Step: [  91/ 125] time: 4283.9083, d_loss: 0.00000000, g_loss: 2.18911362
Epoch: [24] Step: [  92/ 125] time: 4290.7962, d_loss: 0.00000000, g_loss: 4.76360226
Epoch: [24] Step: [  93/ 125] time: 4297.5425, d_loss: 0.00000000, g_loss: 4.29613876
Epoch: [24] Step: [  94/ 125] time: 4303.9909, d_loss: 0.00000000, g_loss: 3.85687470
Epoch: [24] Step: [  95/ 125] time: 4311.6346, d_loss: 3.68757129, g_loss: 2.54232836
Epoch: [24] Step: [  96/ 125] time: 4318.4169, d_loss: 0.00000000, g_loss: 3.79359579
Epoch: [24] Step: [  97/ 125] time: 4325.3773, d_loss: 0.00000000, g_loss: 3.30715656
Epoch: [24] Step: [  98/ 125] time: 4332.3565, d_loss: 0.00000000, g_loss: 2.07424068
Epoch: [24] Step: [  99/ 125] time: 4339.4317, d_loss: 0.00384414, g_loss: 1.43318558
Epoch: [24] Step: [ 100/ 125] time: 4346.7269, d_loss: 0.00002744, g_loss: 3.36541033
Epoch: [24] Step: [ 101/ 125] time: 4353.6386, d_loss: 0.01825773, g_loss: 2.49700737
Epoch: [24] Step: [ 102/ 125] time: 4360.9860, d_loss: 0.00000000, g_loss: 4.87072182
Epoch: [24] Step: [ 103/ 125] time: 4367.9999, d_loss: 0.00000000, g_loss: 4.45968103
Epoch: [24] Step: [ 104/ 125] time: 4375.2909, d_loss: 0.00000000, g_loss: 4.61019373
Epoch: [24] Step: [ 105/ 125] time: 4382.4012, d_loss: 0.00000000, g_loss: 4.35565376
Epoch: [24] Step: [ 106/ 125] time: 4389.0107, d_loss: 0.00000000, g_loss: 4.26242113
Epoch: [24] Step: [ 107/ 125] time: 4396.0998, d_loss: 0.00000000, g_loss: 3.92581844
Epoch: [24] Step: [ 108/ 125] time: 4403.3494, d_loss: 0.00000000, g_loss: 3.77074242
Epoch: [24] Step: [ 109/ 125] time: 4410.3745, d_loss: 0.00000000, g_loss: 3.31615257
Epoch: [24] Step: [ 110/ 125] time: 4417.9340, d_loss: 0.00000000, g_loss: 3.19381952
Epoch: [24] Step: [ 111/ 125] time: 4425.2140, d_loss: 0.00000000, g_loss: 2.71377993
Epoch: [24] Step: [ 112/ 125] time: 4432.6602, d_loss: 0.00000000, g_loss: 2.91398954
Epoch: [24] Step: [ 113/ 125] time: 4439.8142, d_loss: 0.00000000, g_loss: 3.06554937
Epoch: [24] Step: [ 114/ 125] time: 4447.0489, d_loss: 0.00000000, g_loss: 2.55929089
Epoch: [24] Step: [ 115/ 125] time: 4453.9676, d_loss: 0.00000000, g_loss: 2.76270342
Epoch: [24] Step: [ 116/ 125] time: 4461.4323, d_loss: 0.00000000, g_loss: 2.25667143
Epoch: [24] Step: [ 117/ 125] time: 4468.4464, d_loss: 0.00000000, g_loss: 2.46946549
Epoch: [24] Step: [ 118/ 125] time: 4475.7862, d_loss: 0.00000000, g_loss: 3.22985244
Epoch: [24] Step: [ 119/ 125] time: 4483.0125, d_loss: 0.00000000, g_loss: 2.33142543
Epoch: [24] Step: [ 120/ 125] time: 4490.1156, d_loss: 0.00000000, g_loss: 4.79629612
Epoch: [24] Step: [ 121/ 125] time: 4497.2726, d_loss: 0.00000000, g_loss: 5.01868248
Epoch: [24] Step: [ 122/ 125] time: 4504.2686, d_loss: 0.00000000, g_loss: 5.23727036
Epoch: [24] Step: [ 123/ 125] time: 4511.3295, d_loss: 0.00000000, g_loss: 4.75396872
Epoch: [24] Step: [ 124/ 125] time: 4518.0105, d_loss: 0.00000000, g_loss: 4.44061089
Epoch: [25] Step: [   0/ 125] time: 4536.5135, d_loss: 0.00000000, g_loss: 4.24091530
Epoch: [25] Step: [   1/ 125] time: 4543.5481, d_loss: 3.32144094, g_loss: 2.91956568
Epoch: [25] Step: [   2/ 125] time: 4550.3656, d_loss: 1.46768999, g_loss: 2.09783983
Epoch: [25] Step: [   3/ 125] time: 4557.3837, d_loss: 0.12881011, g_loss: 1.20359623
Epoch: [25] Step: [   4/ 125] time: 4564.3857, d_loss: 0.04878333, g_loss: 1.09480846
Epoch: [25] Step: [   5/ 125] time: 4570.9104, d_loss: 0.02166995, g_loss: 1.35100794
Epoch: [25] Step: [   6/ 125] time: 4577.4017, d_loss: 0.00308898, g_loss: 1.61837149
Epoch: [25] Step: [   7/ 125] time: 4584.4342, d_loss: 0.00000000, g_loss: 1.71274924
Epoch: [25] Step: [   8/ 125] time: 4591.4255, d_loss: 0.00000000, g_loss: 1.75793052
Epoch: [25] Step: [   9/ 125] time: 4598.7091, d_loss: 0.00000000, g_loss: 1.80872631
Epoch: [25] Step: [  10/ 125] time: 4605.6373, d_loss: 0.00000000, g_loss: 1.88221025
Epoch: [25] Step: [  11/ 125] time: 4612.3267, d_loss: 0.00049577, g_loss: 1.63725197
Epoch: [25] Step: [  12/ 125] time: 4619.0848, d_loss: 0.00367691, g_loss: 1.69442880
Epoch: [25] Step: [  13/ 125] time: 4625.9224, d_loss: 0.00938449, g_loss: 1.64129710
Epoch: [25] Step: [  14/ 125] time: 4632.7979, d_loss: 0.00883305, g_loss: 1.35517621
Epoch: [25] Step: [  15/ 125] time: 4639.4913, d_loss: 0.06662236, g_loss: 1.08306265
Epoch: [25] Step: [  16/ 125] time: 4645.9331, d_loss: 0.70581692, g_loss: 0.33195037
Epoch: [25] Step: [  17/ 125] time: 4652.5374, d_loss: 0.01910223, g_loss: 3.03911734
Epoch: [25] Step: [  18/ 125] time: 4659.2321, d_loss: 0.01717654, g_loss: 2.85374689
Epoch: [25] Step: [  19/ 125] time: 4666.1173, d_loss: 0.02429760, g_loss: 2.93249440
Epoch: [25] Step: [  20/ 125] time: 4672.9502, d_loss: 0.01331538, g_loss: 2.44376373
Epoch: [25] Step: [  21/ 125] time: 4680.0011, d_loss: 0.09356135, g_loss: 1.20567226
Epoch: [25] Step: [  22/ 125] time: 4686.5576, d_loss: 0.05281445, g_loss: 1.26278591
Epoch: [25] Step: [  23/ 125] time: 4693.1797, d_loss: 0.01790862, g_loss: 1.74081528
Epoch: [25] Step: [  24/ 125] time: 4699.9264, d_loss: 0.02562652, g_loss: 2.75735974
Epoch: [25] Step: [  25/ 125] time: 4706.9115, d_loss: 0.03039021, g_loss: 1.17173719
Epoch: [25] Step: [  26/ 125] time: 4714.4338, d_loss: 0.00000000, g_loss: 3.41241813
Epoch: [25] Step: [  27/ 125] time: 4721.1913, d_loss: 0.00000000, g_loss: 3.52360964
Epoch: [25] Step: [  28/ 125] time: 4727.7974, d_loss: 0.00000000, g_loss: 2.36348724
Epoch: [25] Step: [  29/ 125] time: 4734.4625, d_loss: 0.00000000, g_loss: 2.95328450
Epoch: [25] Step: [  30/ 125] time: 4741.1873, d_loss: 0.00000000, g_loss: 3.23928118
Epoch: [25] Step: [  31/ 125] time: 4747.6873, d_loss: 0.00000000, g_loss: 3.08409882
Epoch: [25] Step: [  32/ 125] time: 4754.5312, d_loss: 0.00000000, g_loss: 2.75352859
Epoch: [25] Step: [  33/ 125] time: 4761.5484, d_loss: 0.00034005, g_loss: 1.94633365
Epoch: [25] Step: [  34/ 125] time: 4768.1246, d_loss: 0.00000000, g_loss: 2.42254639
Epoch: [25] Step: [  35/ 125] time: 4774.8888, d_loss: 0.00000000, g_loss: 2.17939806
Epoch: [25] Step: [  36/ 125] time: 4781.3716, d_loss: 0.00000000, g_loss: 2.00210428
Epoch: [25] Step: [  37/ 125] time: 4787.8054, d_loss: 0.01889919, g_loss: 1.32200336
Epoch: [25] Step: [  38/ 125] time: 4794.2177, d_loss: 0.00000000, g_loss: 2.39869881
Epoch: [25] Step: [  39/ 125] time: 4800.8474, d_loss: 0.00226969, g_loss: 1.34322476
Epoch: [25] Step: [  40/ 125] time: 4807.5533, d_loss: 3.04428029, g_loss: 3.11099505
Epoch: [25] Step: [  41/ 125] time: 4814.3901, d_loss: 0.00000000, g_loss: 3.39915800
Epoch: [25] Step: [  42/ 125] time: 4821.1011, d_loss: 0.00000000, g_loss: 3.40642810
Epoch: [25] Step: [  43/ 125] time: 4827.9960, d_loss: 0.00000000, g_loss: 3.13681126
Epoch: [25] Step: [  44/ 125] time: 4834.9702, d_loss: 0.00000000, g_loss: 3.16557741
Epoch: [25] Step: [  45/ 125] time: 4841.5622, d_loss: 0.00000000, g_loss: 2.98251867
Epoch: [25] Step: [  46/ 125] time: 4848.4101, d_loss: 0.00000000, g_loss: 2.76602268
Epoch: [25] Step: [  47/ 125] time: 4855.4388, d_loss: 0.00000000, g_loss: 2.62701488
Epoch: [25] Step: [  48/ 125] time: 4862.4368, d_loss: 0.00000000, g_loss: 2.19339800
Epoch: [25] Step: [  49/ 125] time: 4869.6960, d_loss: 0.00000000, g_loss: 1.68572855
Epoch: [25] Step: [  50/ 125] time: 4876.3577, d_loss: 0.00040014, g_loss: 1.42194271
Epoch: [25] Step: [  51/ 125] time: 4883.3767, d_loss: 3.16305828, g_loss: 2.18870258
Epoch: [25] Step: [  52/ 125] time: 4890.2078, d_loss: 0.00502271, g_loss: 1.34756374
Epoch: [25] Step: [  53/ 125] time: 4897.1883, d_loss: 0.00000000, g_loss: 3.21344972
Epoch: [25] Step: [  54/ 125] time: 4903.7238, d_loss: 0.00000000, g_loss: 3.41969943
Epoch: [25] Step: [  55/ 125] time: 4910.4378, d_loss: 0.00000000, g_loss: 3.22310352
Epoch: [25] Step: [  56/ 125] time: 4917.0346, d_loss: 0.00000000, g_loss: 2.96476841
Epoch: [25] Step: [  57/ 125] time: 4923.7476, d_loss: 0.00000000, g_loss: 2.26128006
Epoch: [25] Step: [  58/ 125] time: 4930.6340, d_loss: 0.00014259, g_loss: 2.33210325
Epoch: [25] Step: [  59/ 125] time: 4937.3849, d_loss: 0.00000000, g_loss: 2.43913460
Epoch: [25] Step: [  60/ 125] time: 4944.5905, d_loss: 0.03603533, g_loss: 1.15933728
Epoch: [25] Step: [  61/ 125] time: 4951.6725, d_loss: 0.00141282, g_loss: 1.48442149
Epoch: [25] Step: [  62/ 125] time: 4958.4838, d_loss: 0.00000000, g_loss: 3.02657747
Epoch: [25] Step: [  63/ 125] time: 4965.4799, d_loss: 0.00000000, g_loss: 3.27832747
Epoch: [25] Step: [  64/ 125] time: 4972.3506, d_loss: 0.00000000, g_loss: 3.10150743
Epoch: [25] Step: [  65/ 125] time: 4979.0623, d_loss: 0.00000000, g_loss: 2.76882172
Epoch: [25] Step: [  66/ 125] time: 4985.7682, d_loss: 0.00000000, g_loss: 1.66071832
Epoch: [25] Step: [  67/ 125] time: 4992.9925, d_loss: 0.00000000, g_loss: 2.66443110
Epoch: [25] Step: [  68/ 125] time: 4999.9014, d_loss: 0.00000000, g_loss: 2.45976591
Epoch: [25] Step: [  69/ 125] time: 5006.7293, d_loss: 0.00000000, g_loss: 1.77676964
Epoch: [25] Step: [  70/ 125] time: 5013.7984, d_loss: 0.00000000, g_loss: 2.33715820
Epoch: [25] Step: [  71/ 125] time: 5020.4422, d_loss: 0.00000000, g_loss: 2.24814129
Epoch: [25] Step: [  72/ 125] time: 5027.5752, d_loss: 0.00000000, g_loss: 1.48732328
Epoch: [25] Step: [  73/ 125] time: 5034.7100, d_loss: 0.00000000, g_loss: 2.41500807
Epoch: [25] Step: [  74/ 125] time: 5041.8285, d_loss: 0.00000000, g_loss: 2.42831516
Epoch: [25] Step: [  75/ 125] time: 5048.7870, d_loss: 0.00000000, g_loss: 1.77994490
Epoch: [25] Step: [  76/ 125] time: 5055.8009, d_loss: 0.00000000, g_loss: 2.53542447
Epoch: [25] Step: [  77/ 125] time: 5062.6833, d_loss: 0.00000000, g_loss: 2.69192505
Epoch: [25] Step: [  78/ 125] time: 5070.0576, d_loss: 0.00000000, g_loss: 2.32665253
Epoch: [25] Step: [  79/ 125] time: 5077.1082, d_loss: 0.00000000, g_loss: 2.08735633
Epoch: [25] Step: [  80/ 125] time: 5084.3514, d_loss: 2.32256079, g_loss: 1.29226065
Epoch: [25] Step: [  81/ 125] time: 5091.2354, d_loss: 0.10968534, g_loss: 0.99546528
Epoch: [25] Step: [  82/ 125] time: 5098.2106, d_loss: 0.00731892, g_loss: 1.42267215
Epoch: [25] Step: [  83/ 125] time: 5105.3382, d_loss: 0.02098809, g_loss: 2.69410467
Epoch: [25] Step: [  84/ 125] time: 5112.4587, d_loss: 0.00958027, g_loss: 1.69277799
Epoch: [25] Step: [  85/ 125] time: 5119.7416, d_loss: 0.00000000, g_loss: 4.47747707
Epoch: [25] Step: [  86/ 125] time: 5126.6231, d_loss: 0.00000000, g_loss: 4.43891096
Epoch: [25] Step: [  87/ 125] time: 5133.5002, d_loss: 4.60491371, g_loss: 3.58999705
Epoch: [25] Step: [  88/ 125] time: 5140.4525, d_loss: 0.00000000, g_loss: 3.58985186
Epoch: [25] Step: [  89/ 125] time: 5147.3779, d_loss: 0.00000000, g_loss: 3.41406679
Epoch: [25] Step: [  90/ 125] time: 5154.2996, d_loss: 0.00000000, g_loss: 3.24295092
Epoch: [25] Step: [  91/ 125] time: 5161.5430, d_loss: 0.00000000, g_loss: 3.36467457
Epoch: [25] Step: [  92/ 125] time: 5168.5705, d_loss: 0.00000000, g_loss: 3.25465226
Epoch: [25] Step: [  93/ 125] time: 5176.6217, d_loss: 0.00000000, g_loss: 3.05867958
Epoch: [25] Step: [  94/ 125] time: 5183.6849, d_loss: 0.00000000, g_loss: 3.00303245
Epoch: [25] Step: [  95/ 125] time: 5190.6349, d_loss: 0.00000000, g_loss: 2.99368167
Epoch: [25] Step: [  96/ 125] time: 5198.1707, d_loss: 0.00000000, g_loss: 2.72066331
Epoch: [25] Step: [  97/ 125] time: 5205.5897, d_loss: 0.00113980, g_loss: 2.52068090
Epoch: [25] Step: [  98/ 125] time: 5212.8667, d_loss: 0.00000000, g_loss: 2.25730228
Epoch: [25] Step: [  99/ 125] time: 5219.7903, d_loss: 0.00000000, g_loss: 2.02944708
Epoch: [25] Step: [ 100/ 125] time: 5226.7354, d_loss: 0.00000000, g_loss: 1.91246724
Epoch: [25] Step: [ 101/ 125] time: 5233.4827, d_loss: 0.00000000, g_loss: 1.74117899
Epoch: [25] Step: [ 102/ 125] time: 5240.6237, d_loss: 0.00000000, g_loss: 1.87102687
Epoch: [25] Step: [ 103/ 125] time: 5248.3722, d_loss: 0.00000000, g_loss: 1.44192076
Epoch: [25] Step: [ 104/ 125] time: 5255.3019, d_loss: 0.00399537, g_loss: 1.08331406
Epoch: [25] Step: [ 105/ 125] time: 5262.2165, d_loss: 0.00000000, g_loss: 3.03951144
Epoch: [25] Step: [ 106/ 125] time: 5269.4223, d_loss: 0.00253206, g_loss: 2.60401177
Epoch: [25] Step: [ 107/ 125] time: 5276.3348, d_loss: 0.00718620, g_loss: 3.07214642
Epoch: [25] Step: [ 108/ 125] time: 5283.4512, d_loss: 0.00000000, g_loss: 3.27679300
Epoch: [25] Step: [ 109/ 125] time: 5290.6659, d_loss: 0.00000000, g_loss: 3.39390349
Epoch: [25] Step: [ 110/ 125] time: 5297.6792, d_loss: 0.00000000, g_loss: 3.01768017
Epoch: [25] Step: [ 111/ 125] time: 5304.9795, d_loss: 0.00000000, g_loss: 2.66090727
Epoch: [25] Step: [ 112/ 125] time: 5311.9279, d_loss: 0.00000000, g_loss: 2.18295240
Epoch: [25] Step: [ 113/ 125] time: 5319.4933, d_loss: 0.00075375, g_loss: 2.36192012
Epoch: [25] Step: [ 114/ 125] time: 5327.1325, d_loss: 0.00000000, g_loss: 2.14189482
Epoch: [25] Step: [ 115/ 125] time: 5334.2971, d_loss: 0.00000000, g_loss: 2.42020464
Epoch: [25] Step: [ 116/ 125] time: 5341.5623, d_loss: 0.00000000, g_loss: 1.62586296
Epoch: [25] Step: [ 117/ 125] time: 5348.6541, d_loss: 0.00000000, g_loss: 1.84336042
Epoch: [25] Step: [ 118/ 125] time: 5356.2662, d_loss: 0.00000000, g_loss: 3.37202501
Epoch: [25] Step: [ 119/ 125] time: 5363.4088, d_loss: 0.00000000, g_loss: 3.25135684
Epoch: [25] Step: [ 120/ 125] time: 5370.3638, d_loss: 0.00000000, g_loss: 3.57463121
Epoch: [25] Step: [ 121/ 125] time: 5377.3409, d_loss: 0.00000000, g_loss: 2.22294760
Epoch: [25] Step: [ 122/ 125] time: 5384.8091, d_loss: 0.00000000, g_loss: 2.38778019
Epoch: [25] Step: [ 123/ 125] time: 5391.7035, d_loss: 0.00000000, g_loss: 1.70932698
Epoch: [25] Step: [ 124/ 125] time: 5398.7036, d_loss: 0.00000000, g_loss: 2.67735076
