{'?': <absl.app.HelpFlag object at 0x7f6f5aa9d450>,
 'alsologtostderr': <absl.flags._flag.BooleanFlag object at 0x7f6f6676d810>,
 'batch_size': <absl.flags._flag.Flag object at 0x7f6f5aa9d090>,
 'beta1': <absl.flags._flag.Flag object at 0x7f6f5aa95cd0>,
 'c_dim': <absl.flags._flag.Flag object at 0x7f6f5aa9d190>,
 'checkpoint_dir': <absl.flags._flag.Flag object at 0x7f6f5aa9d2d0>,
 'data_format': <absl.flags._flag.Flag object at 0x7f6f5aa9d210>,
 'datafile': <absl.flags._flag.Flag object at 0x7f6f5aa95b10>,
 'dataset': <absl.flags._flag.Flag object at 0x7f6f5aa95990>,
 'df_dim': <absl.flags._flag.Flag object at 0x7f6f5aa95fd0>,
 'epoch': <absl.flags._flag.Flag object at 0x7f6f5aa95b90>,
 'experiment': <absl.flags._flag.Flag object at 0x7f6f5aa9d390>,
 'flip_labels': <absl.flags._flag.Flag object at 0x7f6f5aa95d50>,
 'gf_dim': <absl.flags._flag.Flag object at 0x7f6f5aa95f50>,
 'help': <absl.app.HelpFlag object at 0x7f6f5aa9d450>,
 'helpfull': <absl.app.HelpfullFlag object at 0x7f6f5aa9d4d0>,
 'helpshort': <absl.app.HelpshortFlag object at 0x7f6f5aa9d490>,
 'helpxml': <absl.app.HelpXMLFlag object at 0x7f6f5aa9d510>,
 'learning_rate': <absl.flags._flag.Flag object at 0x7f6f5aa95c50>,
 'log_dir': <absl.flags._flag.Flag object at 0x7f6f6676d8d0>,
 'logtostderr': <absl.flags._flag.BooleanFlag object at 0x7f6f6676d710>,
 'nd_layers': <absl.flags._flag.Flag object at 0x7f6f5aa95e50>,
 'ng_layers': <absl.flags._flag.Flag object at 0x7f6f5aa95ed0>,
 'only_check_args': <absl.flags._flag.BooleanFlag object at 0x7f6f666f9050>,
 'op_conversion_fallback_to_while_loop': <absl.flags._flag.BooleanFlag object at 0x7f6f64f0d5d0>,
 'output_size': <absl.flags._flag.Flag object at 0x7f6f5aa9d110>,
 'pdb_post_mortem': <absl.flags._flag.BooleanFlag object at 0x7f6f667656d0>,
 'profile_file': <absl.flags._flag.Flag object at 0x7f6f6676df90>,
 'run_with_pdb': <absl.flags._flag.BooleanFlag object at 0x7f6f66761b90>,
 'run_with_profiling': <absl.flags._flag.BooleanFlag object at 0x7f6f66765250>,
 'save_every_step': <absl.flags._flag.BooleanFlag object at 0x7f6f5aa9d3d0>,
 'showprefixforinfo': <absl.flags._flag.BooleanFlag object at 0x7f6f6676dad0>,
 'stderrthreshold': <absl.logging._StderrthresholdFlag object at 0x7f6f6676da50>,
 'test_random_seed': <absl.flags._flag.Flag object at 0x7f6f5b017050>,
 'test_randomize_ordering_seed': <absl.flags._flag.Flag object at 0x7f6f5b02b110>,
 'test_srcdir': <absl.flags._flag.Flag object at 0x7f6f5b028310>,
 'test_tmpdir': <absl.flags._flag.Flag object at 0x7f6f5b028450>,
 'transpose_matmul_b': <absl.flags._flag.BooleanFlag object at 0x7f6f5aa9d250>,
 'use_cprofile_for_profiling': <absl.flags._flag.BooleanFlag object at 0x7f6f6676dfd0>,
 'v': <absl.logging._VerbosityFlag object at 0x7f6f6676d910>,
 'verbose': <absl.flags._flag.BooleanFlag object at 0x7f6f5aa9d410>,
 'verbosity': <absl.logging._VerbosityFlag object at 0x7f6f6676d910>,
 'xml_output_file': <absl.flags._flag.Flag object at 0x7f6f5afc1690>,
 'z_dim': <absl.flags._flag.Flag object at 0x7f6f5aa95dd0>}
 [*] Reading checkpoints...
 [*] Success to read dcgan.model-epoch-135
